INFO [process_setup] [2024-03-12:13:22:29 TabNine INFO] 
============ Tabnine process /Users/henryacosta/.local/share/nvim/lazy/tabnine-nvim/lua/tabnine/../../binaries/4.116.0/x86_64-apple-darwin/TabNine (16709) started ============
INFO [TabNine::main_utils] [2024-03-12:13:22:29 TabNine INFO] /Users/henryacosta/.local/share/nvim/lazy/tabnine-nvim/lua/tabnine/../../binaries/4.116.0/x86_64-apple-darwin/TabNine --client nvim --client-metadata ide-restart-counter=1 pluginVersion=1.7.0 --log-file-path=~/.cofig/nvim/lua/custom/log/
INFO [watchdog_api::wd_client] [2024-03-12:13:22:29 TabNine INFO] Initializing watchdog client...
INFO [TabNine::bootstrap_support] [2024-03-12:13:22:29 TabNine INFO] trying to start tabnine version Some("4.116.0")
INFO [TabNine::bootstrap_support] [2024-03-12:13:22:29 TabNine INFO] spawning tabnine with args ["/Users/henryacosta/.local/share/nvim/lazy/tabnine-nvim/lua/tabnine/../../binaries/4.116.0/x86_64-apple-darwin/TabNine", "--client", "nvim", "--client-metadata", "ide-restart-counter=1", "pluginVersion=1.7.0", "--log-file-path=~/.cofig/nvim/lua/custom/log/", "--no_bootstrap"]
INFO [TabNine::bootstrap_support] [2024-03-12:13:22:29 TabNine INFO] started tabnine process pid 16712 version Some("4.116.0"), desired version was Some("4.116.0") this version is Some("4.116.0")
INFO [process_setup] [2024-03-12:13:22:29 TabNine INFO] 
============ Tabnine process /Users/henryacosta/.local/share/nvim/lazy/tabnine-nvim/lua/tabnine/../../binaries/4.116.0/x86_64-apple-darwin/TabNine (16712) started ============
INFO [TabNine::main_utils] [2024-03-12:13:22:29 TabNine INFO] /Users/henryacosta/.local/share/nvim/lazy/tabnine-nvim/lua/tabnine/../../binaries/4.116.0/x86_64-apple-darwin/TabNine --client nvim --client-metadata ide-restart-counter=1 pluginVersion=1.7.0 --log-file-path=~/.cofig/nvim/lua/custom/log/ --no_bootstrap
INFO [watchdog_api::wd_client] [2024-03-12:13:22:29 TabNine INFO] Initializing watchdog client...
INFO [models_api_singleton] [2024-03-12:13:22:30 TabNine INFO] Creating models api singleton...
INFO [models_api_singleton] [2024-03-12:13:22:30 TabNine INFO] Updating models API access token...
INFO [lunar_connection] [2024-03-12:13:22:30 TabNine INFO] lunar settings update thread started (Local(Public) ce94127b)
INFO [lunar_connection] [2024-03-12:13:22:30 TabNine INFO] lunar settings update thread started (Local(Public) ce94127b)
INFO [lunar_connection] [2024-03-12:13:22:30 TabNine INFO] lunar settings update thread started (Remote cloud)
INFO [auth::capabilities] [2024-03-12:13:22:30 TabNine INFO] User changed. Refreshing capabilities
INFO [frontend::initialize] [2024-03-12:13:22:30 TabNine INFO] Started.
INFO [auth::capabilities] [2024-03-12:13:22:30 TabNine INFO] Refreshing capabilities
INFO [bootstrapper::bootstrapper_lib] [2024-03-12:13:22:30 TabNine INFO] current version is Some(Version { major: 4, minor: 116, patch: 0, pre: [], build: [] }), spawned version is Some(Version { major: 4, minor: 116, patch: 0, pre: [], build: [] }), remote version is Version { major: 4, minor: 116, patch: 0, pre: [], build: [] }
INFO [bootstrapper::bootstrapper_lib] [2024-03-12:13:22:30 TabNine INFO] don't need to upgrade
INFO [models_api_singleton] [2024-03-12:13:22:30 TabNine INFO] Updated models API access token of user: Some("Henry Acosta")
WARN [lunar_connection::cloud_availability] [2024-03-12:13:22:31 TabNine WARN] Cannot connect to cloud: pinging to: host=cloud.tabnine.com, port=443
Failed to connect to cloud ()

INFO [actix_server::builder] [2024-03-12:13:22:31 TabNine INFO] starting 8 workers
INFO [ui::http_server] [2024-03-12:13:22:31 TabNine INFO] Hub HTTP server started on http://127.0.0.1:54089/sec-zonuubqzjhivpjzndeun
INFO [actix_server::server] [2024-03-12:13:22:31 TabNine INFO] Tokio runtime found; starting in existing Tokio runtime
INFO [frontend::initialize] [2024-03-12:13:22:31 TabNine INFO] Hub site is: https://hub.tabnine.com/v9/?tabnineUrl=http://127.0.0.1:54089/sec-zonuubqzjhivpjzndeun
INFO [cloud2_utils::snippet_suggestions_host] [2024-03-12:13:22:31 TabNine INFO] enrichment config - returning default config
ERROR [in_app_messaging::internal] [2024-03-12:13:22:35 TabNine ERROR] Error while fetching messages. reqwest::Error { kind: Decode, source: Error("EOF while parsing a value", line: 1, column: 0) }
INFO [cloud2_utils::snippet_suggestions_host] [2024-03-12:13:23:08 TabNine INFO] enrichment config - returning default config
INFO [cloud2_utils::snippet_suggestions_host] [2024-03-12:13:23:08 TabNine INFO] enrichment config - returning default config
INFO [server::indexing::repo_indexer] [2024-03-12:13:23:08 TabNine INFO] Recreating repo indexer, dense false => true, sparse false => true
INFO [server::indexing::workspace] [2024-03-12:13:23:08 TabNine INFO] repo indexing started for /Users/henryacosta/.config/nvim/lua/custom
INFO [similarity_search::repo_indexing::repo_indexer] [2024-03-12:13:23:08 TabNine INFO] Waiting for vdb to start before repo indexing can start for /Users/henryacosta/.config/nvim/lua/custom
INFO [cloud2_utils::snippet_suggestions_host] [2024-03-12:13:23:08 TabNine INFO] enrichment config - returning default config
INFO [cloud2_utils::snippet_suggestions_host] [2024-03-12:13:23:08 TabNine INFO] enrichment config - returning default config
INFO [similarity_search::repo_indexing::repo_indexer] [2024-03-12:13:23:08 TabNine INFO] Repo indexing started for /Users/henryacosta/.config/nvim/lua/custom
INFO [similarity_search::repo_indexing::indexing_status] [2024-03-12:13:23:08 TabNine INFO] indexing status tracker started listening - expecting [(DenseIndexer, 11), (SparseIndexer, 11), (ListFiles, 11)] jobs
INFO [similarity_search::repo_indexing::indexing_status] [2024-03-12:13:23:08 TabNine INFO] done receiving jobs for job id 'ListFiles', got 11/11 in 3.973826ms.
INFO [similarity_search::repo_indexing::indexing_status] [2024-03-12:13:23:08 TabNine INFO] done receiving jobs for job id 'DenseIndexer', got 11/11 in 4.04375ms.
INFO [similarity_search::repo_indexing::indexing_status] [2024-03-12:13:23:08 TabNine INFO] done receiving jobs for job id 'SparseIndexer', got 11/11 in 4.458625ms.
INFO [similarity_search::repo_indexing::indexing_status] [2024-03-12:13:23:08 TabNine INFO] done receiving jobs, shutting down indexing status tracker
INFO [cloud2_utils::snippet_suggestions_host] [2024-03-12:13:23:15 TabNine INFO] enrichment config - returning default config
INFO [cloud2_utils::snippet_suggestions_host] [2024-03-12:13:23:15 TabNine INFO] enrichment config - returning default config
