INFO [process_setup] [2024-03-12:13:24:57 TabNine INFO] 
============ Tabnine process /Users/henryacosta/.local/share/nvim/lazy/tabnine-nvim/lua/tabnine/../../binaries/4.116.0/x86_64-apple-darwin/TabNine (17129) started ============
INFO [TabNine::main_utils] [2024-03-12:13:24:57 TabNine INFO] /Users/henryacosta/.local/share/nvim/lazy/tabnine-nvim/lua/tabnine/../../binaries/4.116.0/x86_64-apple-darwin/TabNine --client nvim --client-metadata ide-restart-counter=1 pluginVersion=1.7.0 --log-file-path=./log/
INFO [watchdog_api::wd_client] [2024-03-12:13:24:57 TabNine INFO] Initializing watchdog client...
INFO [TabNine::bootstrap_support] [2024-03-12:13:24:57 TabNine INFO] trying to start tabnine version Some("4.116.0")
INFO [TabNine::bootstrap_support] [2024-03-12:13:24:57 TabNine INFO] spawning tabnine with args ["/Users/henryacosta/.local/share/nvim/lazy/tabnine-nvim/lua/tabnine/../../binaries/4.116.0/x86_64-apple-darwin/TabNine", "--client", "nvim", "--client-metadata", "ide-restart-counter=1", "pluginVersion=1.7.0", "--log-file-path=./log/", "--no_bootstrap"]
INFO [TabNine::bootstrap_support] [2024-03-12:13:24:57 TabNine INFO] started tabnine process pid 17132 version Some("4.116.0"), desired version was Some("4.116.0") this version is Some("4.116.0")
INFO [process_setup] [2024-03-12:13:24:57 TabNine INFO] 
============ Tabnine process /Users/henryacosta/.local/share/nvim/lazy/tabnine-nvim/lua/tabnine/../../binaries/4.116.0/x86_64-apple-darwin/TabNine (17132) started ============
INFO [TabNine::main_utils] [2024-03-12:13:24:57 TabNine INFO] /Users/henryacosta/.local/share/nvim/lazy/tabnine-nvim/lua/tabnine/../../binaries/4.116.0/x86_64-apple-darwin/TabNine --client nvim --client-metadata ide-restart-counter=1 pluginVersion=1.7.0 --log-file-path=./log/ --no_bootstrap
INFO [watchdog_api::wd_client] [2024-03-12:13:24:57 TabNine INFO] Initializing watchdog client...
INFO [models_api_singleton] [2024-03-12:13:24:57 TabNine INFO] Creating models api singleton...
INFO [models_api_singleton] [2024-03-12:13:24:57 TabNine INFO] Updating models API access token...
INFO [lunar_connection] [2024-03-12:13:24:57 TabNine INFO] lunar settings update thread started (Local(Public) ce94127b)
INFO [lunar_connection] [2024-03-12:13:24:57 TabNine INFO] lunar settings update thread started (Local(Public) ce94127b)
INFO [lunar_connection] [2024-03-12:13:24:57 TabNine INFO] lunar settings update thread started (Remote cloud)
INFO [auth::capabilities] [2024-03-12:13:24:57 TabNine INFO] User changed. Refreshing capabilities
INFO [auth::capabilities] [2024-03-12:13:24:57 TabNine INFO] Refreshing capabilities
INFO [frontend::initialize] [2024-03-12:13:24:57 TabNine INFO] Started.
INFO [bootstrapper::bootstrapper_lib] [2024-03-12:13:24:58 TabNine INFO] current version is Some(Version { major: 4, minor: 116, patch: 0, pre: [], build: [] }), spawned version is Some(Version { major: 4, minor: 116, patch: 0, pre: [], build: [] }), remote version is Version { major: 4, minor: 116, patch: 0, pre: [], build: [] }
INFO [bootstrapper::bootstrapper_lib] [2024-03-12:13:24:58 TabNine INFO] don't need to upgrade
INFO [models_api_singleton] [2024-03-12:13:24:58 TabNine INFO] Updated models API access token of user: Some("Henry Acosta")
WARN [lunar_connection::cloud_availability] [2024-03-12:13:24:58 TabNine WARN] Cannot connect to cloud: pinging to: host=cloud.tabnine.com, port=443
Failed to connect to cloud ()

INFO [actix_server::builder] [2024-03-12:13:24:58 TabNine INFO] starting 8 workers
INFO [ui::http_server] [2024-03-12:13:24:58 TabNine INFO] Hub HTTP server started on http://127.0.0.1:54165/sec-kjxsbwgugvnvqdxcjktg
INFO [actix_server::server] [2024-03-12:13:24:58 TabNine INFO] Tokio runtime found; starting in existing Tokio runtime
INFO [frontend::initialize] [2024-03-12:13:24:58 TabNine INFO] Hub site is: https://hub.tabnine.com/v9/?tabnineUrl=http://127.0.0.1:54165/sec-kjxsbwgugvnvqdxcjktg
INFO [cloud2_utils::snippet_suggestions_host] [2024-03-12:13:24:58 TabNine INFO] enrichment config - returning default config
INFO [cloud2_utils::snippet_suggestions_host] [2024-03-12:13:24:59 TabNine INFO] enrichment config - returning default config
INFO [cloud2_utils::snippet_suggestions_host] [2024-03-12:13:24:59 TabNine INFO] enrichment config - returning default config
INFO [server::indexing::repo_indexer] [2024-03-12:13:24:59 TabNine INFO] Recreating repo indexer, dense false => true, sparse false => true
INFO [server::indexing::workspace] [2024-03-12:13:24:59 TabNine INFO] repo indexing started for /Users/henryacosta/.config/nvim/lua/custom
INFO [cloud2_utils::snippet_suggestions_host] [2024-03-12:13:24:59 TabNine INFO] enrichment config - returning default config
INFO [similarity_search::repo_indexing::repo_indexer] [2024-03-12:13:24:59 TabNine INFO] Waiting for vdb to start before repo indexing can start for /Users/henryacosta/.config/nvim/lua/custom
INFO [similarity_search::repo_indexing::repo_indexer] [2024-03-12:13:24:59 TabNine INFO] Repo indexing started for /Users/henryacosta/.config/nvim/lua/custom
INFO [similarity_search::repo_indexing::indexing_status] [2024-03-12:13:24:59 TabNine INFO] indexing status tracker started listening - expecting [(DenseIndexer, 12), (SparseIndexer, 12), (ListFiles, 12)] jobs
INFO [similarity_search::repo_indexing::indexing_status] [2024-03-12:13:24:59 TabNine INFO] done receiving jobs for job id 'DenseIndexer', got 12/12 in 5.798625ms.
INFO [similarity_search::repo_indexing::indexing_status] [2024-03-12:13:24:59 TabNine INFO] done receiving jobs for job id 'ListFiles', got 12/12 in 5.995079ms.
INFO [similarity_search::repo_indexing::indexing_status] [2024-03-12:13:24:59 TabNine INFO] done receiving jobs for job id 'SparseIndexer', got 12/12 in 6.48529ms.
INFO [similarity_search::repo_indexing::indexing_status] [2024-03-12:13:24:59 TabNine INFO] done receiving jobs, shutting down indexing status tracker
INFO [cloud2_utils::snippet_suggestions_host] [2024-03-12:13:25:00 TabNine INFO] enrichment config - returning default config
INFO [cloud2_utils::snippet_suggestions_host] [2024-03-12:13:25:02 TabNine INFO] enrichment config - returning default config
ERROR [in_app_messaging::internal] [2024-03-12:13:25:02 TabNine ERROR] Error while fetching messages. reqwest::Error { kind: Decode, source: Error("EOF while parsing a value", line: 1, column: 0) }
INFO [cloud2_utils::snippet_suggestions_host] [2024-03-12:13:25:05 TabNine INFO] enrichment config - returning default config
INFO [io_server::dispatch::shutdown] [2024-03-12:13:25:05 TabNine INFO] Sending finished message from Input
INFO [io_server::dispatch::shutdown] [2024-03-12:13:25:05 TabNine INFO] Sending finished message from ChannelWorker("default")
INFO [io_server::dispatch::shutdown] [2024-03-12:13:25:05 TabNine INFO] Sending finished message from Output
INFO [TabNine] [2024-03-12:13:25:05 TabNine INFO] exiting....
INFO [TabNine::bootstrap_support] [2024-03-12:13:25:06 TabNine INFO] child process 17132 exited with status exit status: 0...
INFO [process_setup] [2024-03-12:13:25:08 TabNine INFO] 
============ Tabnine process /Users/henryacosta/.local/share/nvim/lazy/tabnine-nvim/lua/tabnine/../../binaries/4.116.0/x86_64-apple-darwin/TabNine (17238) started ============
INFO [TabNine::main_utils] [2024-03-12:13:25:08 TabNine INFO] /Users/henryacosta/.local/share/nvim/lazy/tabnine-nvim/lua/tabnine/../../binaries/4.116.0/x86_64-apple-darwin/TabNine --client nvim --client-metadata ide-restart-counter=1 pluginVersion=1.7.0 --log-file-path=./log/
INFO [watchdog_api::wd_client] [2024-03-12:13:25:08 TabNine INFO] Initializing watchdog client...
INFO [TabNine::bootstrap_support] [2024-03-12:13:25:08 TabNine INFO] trying to start tabnine version Some("4.116.0")
INFO [TabNine::bootstrap_support] [2024-03-12:13:25:08 TabNine INFO] spawning tabnine with args ["/Users/henryacosta/.local/share/nvim/lazy/tabnine-nvim/lua/tabnine/../../binaries/4.116.0/x86_64-apple-darwin/TabNine", "--client", "nvim", "--client-metadata", "ide-restart-counter=1", "pluginVersion=1.7.0", "--log-file-path=./log/", "--no_bootstrap"]
INFO [TabNine::bootstrap_support] [2024-03-12:13:25:08 TabNine INFO] started tabnine process pid 17241 version Some("4.116.0"), desired version was Some("4.116.0") this version is Some("4.116.0")
INFO [process_setup] [2024-03-12:13:25:08 TabNine INFO] 
============ Tabnine process /Users/henryacosta/.local/share/nvim/lazy/tabnine-nvim/lua/tabnine/../../binaries/4.116.0/x86_64-apple-darwin/TabNine (17241) started ============
INFO [TabNine::main_utils] [2024-03-12:13:25:08 TabNine INFO] /Users/henryacosta/.local/share/nvim/lazy/tabnine-nvim/lua/tabnine/../../binaries/4.116.0/x86_64-apple-darwin/TabNine --client nvim --client-metadata ide-restart-counter=1 pluginVersion=1.7.0 --log-file-path=./log/ --no_bootstrap
INFO [watchdog_api::wd_client] [2024-03-12:13:25:08 TabNine INFO] Initializing watchdog client...
INFO [models_api_singleton] [2024-03-12:13:25:08 TabNine INFO] Creating models api singleton...
INFO [models_api_singleton] [2024-03-12:13:25:09 TabNine INFO] Updating models API access token...
INFO [lunar_connection] [2024-03-12:13:25:09 TabNine INFO] lunar settings update thread started (Local(Public) ce94127b)
INFO [lunar_connection] [2024-03-12:13:25:09 TabNine INFO] lunar settings update thread started (Local(Public) ce94127b)
INFO [lunar_connection] [2024-03-12:13:25:09 TabNine INFO] lunar settings update thread started (Remote cloud)
INFO [auth::capabilities] [2024-03-12:13:25:09 TabNine INFO] User changed. Refreshing capabilities
INFO [auth::capabilities] [2024-03-12:13:25:09 TabNine INFO] Refreshing capabilities
INFO [frontend::initialize] [2024-03-12:13:25:09 TabNine INFO] Started.
INFO [bootstrapper::bootstrapper_lib] [2024-03-12:13:25:09 TabNine INFO] current version is Some(Version { major: 4, minor: 116, patch: 0, pre: [], build: [] }), spawned version is Some(Version { major: 4, minor: 116, patch: 0, pre: [], build: [] }), remote version is Version { major: 4, minor: 116, patch: 0, pre: [], build: [] }
INFO [bootstrapper::bootstrapper_lib] [2024-03-12:13:25:09 TabNine INFO] don't need to upgrade
INFO [models_api_singleton] [2024-03-12:13:25:09 TabNine INFO] Updated models API access token of user: Some("Henry Acosta")
WARN [lunar_connection::cloud_availability] [2024-03-12:13:25:09 TabNine WARN] Cannot connect to cloud: pinging to: host=cloud.tabnine.com, port=443
Failed to connect to cloud ()

INFO [actix_server::builder] [2024-03-12:13:25:09 TabNine INFO] starting 8 workers
INFO [ui::http_server] [2024-03-12:13:25:09 TabNine INFO] Hub HTTP server started on http://127.0.0.1:54176/sec-bwsuffcfgjsbttwbgwhw
INFO [actix_server::server] [2024-03-12:13:25:09 TabNine INFO] Tokio runtime found; starting in existing Tokio runtime
INFO [frontend::initialize] [2024-03-12:13:25:09 TabNine INFO] Hub site is: https://hub.tabnine.com/v9/?tabnineUrl=http://127.0.0.1:54176/sec-bwsuffcfgjsbttwbgwhw
INFO [cloud2_utils::snippet_suggestions_host] [2024-03-12:13:25:09 TabNine INFO] enrichment config - returning default config
INFO [cloud2_utils::snippet_suggestions_host] [2024-03-12:13:25:10 TabNine INFO] enrichment config - returning default config
INFO [cloud2_utils::snippet_suggestions_host] [2024-03-12:13:25:10 TabNine INFO] enrichment config - returning default config
INFO [server::indexing::repo_indexer] [2024-03-12:13:25:10 TabNine INFO] Recreating repo indexer, dense false => true, sparse false => true
INFO [server::indexing::workspace] [2024-03-12:13:25:10 TabNine INFO] repo indexing started for /Users/henryacosta/.config/nvim/lua/custom
INFO [similarity_search::repo_indexing::repo_indexer] [2024-03-12:13:25:10 TabNine INFO] Waiting for vdb to start before repo indexing can start for /Users/henryacosta/.config/nvim/lua/custom
INFO [cloud2_utils::snippet_suggestions_host] [2024-03-12:13:25:10 TabNine INFO] enrichment config - returning default config
INFO [similarity_search::repo_indexing::repo_indexer] [2024-03-12:13:25:10 TabNine INFO] Repo indexing started for /Users/henryacosta/.config/nvim/lua/custom
INFO [similarity_search::repo_indexing::indexing_status] [2024-03-12:13:25:10 TabNine INFO] indexing status tracker started listening - expecting [(DenseIndexer, 12), (SparseIndexer, 12), (ListFiles, 12)] jobs
INFO [similarity_search::repo_indexing::indexing_status] [2024-03-12:13:25:10 TabNine INFO] done receiving jobs for job id 'ListFiles', got 12/12 in 3.143502ms.
INFO [similarity_search::repo_indexing::indexing_status] [2024-03-12:13:25:10 TabNine INFO] done receiving jobs for job id 'SparseIndexer', got 12/12 in 3.95767ms.
INFO [similarity_search::repo_indexing::indexing_status] [2024-03-12:13:25:11 TabNine INFO] done receiving jobs for job id 'DenseIndexer', got 12/12 in 905.514025ms.
INFO [similarity_search::repo_indexing::indexing_status] [2024-03-12:13:25:11 TabNine INFO] done receiving jobs, shutting down indexing status tracker
INFO [cloud2_utils::snippet_suggestions_host] [2024-03-12:13:25:13 TabNine INFO] enrichment config - returning default config
INFO [cloud2_utils::snippet_suggestions_host] [2024-03-12:13:25:14 TabNine INFO] enrichment config - returning default config
ERROR [in_app_messaging::internal] [2024-03-12:13:25:14 TabNine ERROR] Error while fetching messages. reqwest::Error { kind: Decode, source: Error("EOF while parsing a value", line: 1, column: 0) }
INFO [cloud2_utils::snippet_suggestions_host] [2024-03-12:13:25:14 TabNine INFO] enrichment config - returning default config
INFO [cloud2_utils::snippet_suggestions_host] [2024-03-12:13:25:15 TabNine INFO] enrichment config - returning default config
INFO [cloud2_utils::snippet_suggestions_host] [2024-03-12:13:25:15 TabNine INFO] enrichment config - returning default config
INFO [process_setup] [2024-03-12:19:09:58 TabNine INFO] 
============ Tabnine process /Users/henryacosta/.local/share/nvim/lazy/tabnine-nvim/lua/tabnine/../../binaries/4.116.0/aarch64-apple-darwin/TabNine (22877) started ============
INFO [TabNine::main_utils] [2024-03-12:19:09:58 TabNine INFO] /Users/henryacosta/.local/share/nvim/lazy/tabnine-nvim/lua/tabnine/../../binaries/4.116.0/aarch64-apple-darwin/TabNine --client nvim --client-metadata ide-restart-counter=1 pluginVersion=1.7.0 --log-file-path=./log/
INFO [watchdog_api::wd_client] [2024-03-12:19:09:58 TabNine INFO] Initializing watchdog client...
INFO [TabNine::bootstrap_support] [2024-03-12:19:09:58 TabNine INFO] trying to start tabnine version Some("4.116.0")
INFO [TabNine::bootstrap_support] [2024-03-12:19:09:58 TabNine INFO] spawning tabnine with args ["/Users/henryacosta/.local/share/nvim/lazy/tabnine-nvim/lua/tabnine/../../binaries/4.116.0/aarch64-apple-darwin/TabNine", "--client", "nvim", "--client-metadata", "ide-restart-counter=1", "pluginVersion=1.7.0", "--log-file-path=./log/", "--no_bootstrap"]
INFO [TabNine::bootstrap_support] [2024-03-12:19:09:58 TabNine INFO] started tabnine process pid 22881 version Some("4.116.0"), desired version was Some("4.116.0") this version is Some("4.116.0")
INFO [process_setup] [2024-03-12:19:09:58 TabNine INFO] 
============ Tabnine process /Users/henryacosta/.local/share/nvim/lazy/tabnine-nvim/lua/tabnine/../../binaries/4.116.0/aarch64-apple-darwin/TabNine (22881) started ============
INFO [TabNine::main_utils] [2024-03-12:19:09:58 TabNine INFO] /Users/henryacosta/.local/share/nvim/lazy/tabnine-nvim/lua/tabnine/../../binaries/4.116.0/aarch64-apple-darwin/TabNine --client nvim --client-metadata ide-restart-counter=1 pluginVersion=1.7.0 --log-file-path=./log/ --no_bootstrap
INFO [watchdog_api::wd_client] [2024-03-12:19:09:58 TabNine INFO] Initializing watchdog client...
INFO [models_api_singleton] [2024-03-12:19:09:58 TabNine INFO] Creating models api singleton...
INFO [models_api_singleton] [2024-03-12:19:09:58 TabNine INFO] Updating models API access token...
INFO [lunar_connection] [2024-03-12:19:09:58 TabNine INFO] lunar settings update thread started (Local(Public) ce94127b)
INFO [lunar_connection] [2024-03-12:19:09:58 TabNine INFO] lunar settings update thread started (Local(Public) ce94127b)
INFO [lunar_connection] [2024-03-12:19:09:58 TabNine INFO] lunar settings update thread started (Remote cloud)
ERROR [auth::capabilities] [2024-03-12:19:09:58 TabNine ERROR] Failed to load capabilities cache Bad signature
INFO [auth::capabilities] [2024-03-12:19:09:58 TabNine INFO] User changed. Refreshing capabilities
INFO [auth::capabilities] [2024-03-12:19:09:58 TabNine INFO] Refreshing capabilities
INFO [frontend::initialize] [2024-03-12:19:09:58 TabNine INFO] Started.
WARN [lunar_connection::cloud_availability] [2024-03-12:19:09:59 TabNine WARN] Cannot connect to cloud: pinging to: host=cloud.tabnine.com, port=443
Failed to connect to cloud ()

INFO [actix_server::builder] [2024-03-12:19:09:59 TabNine INFO] starting 12 workers
INFO [ui::http_server] [2024-03-12:19:09:59 TabNine INFO] Hub HTTP server started on http://127.0.0.1:53399/sec-bkcsrbgxmbcfnaxahnsj
INFO [actix_server::server] [2024-03-12:19:09:59 TabNine INFO] Tokio runtime found; starting in existing Tokio runtime
INFO [frontend::initialize] [2024-03-12:19:09:59 TabNine INFO] Hub site is: http://127.0.0.1:53399/sec-bkcsrbgxmbcfnaxahnsj
INFO [cloud2_utils::snippet_suggestions_host] [2024-03-12:19:09:59 TabNine INFO] enrichment config - returning default config
INFO [models_api_singleton] [2024-03-12:19:09:59 TabNine INFO] Updated models API access token of user: Some("Henry Acosta")
INFO [bootstrapper::bootstrapper_lib] [2024-03-12:19:09:59 TabNine INFO] current version is Some(Version { major: 4, minor: 116, patch: 0, pre: [], build: [] }), spawned version is Some(Version { major: 4, minor: 116, patch: 0, pre: [], build: [] }), remote version is Version { major: 4, minor: 116, patch: 0, pre: [], build: [] }
INFO [bootstrapper::bootstrapper_lib] [2024-03-12:19:09:59 TabNine INFO] don't need to upgrade
INFO [cloud2_utils::snippet_suggestions_host] [2024-03-12:19:09:59 TabNine INFO] enrichment config - returning default config
INFO [cloud2_utils::snippet_suggestions_host] [2024-03-12:19:09:59 TabNine INFO] enrichment config - returning default config
INFO [server::indexing::repo_indexer] [2024-03-12:19:09:59 TabNine INFO] Recreating repo indexer, dense false => false, sparse false => true
INFO [server::indexing::workspace] [2024-03-12:19:09:59 TabNine INFO] repo indexing started for /Users/henryacosta/.config/nvim/lua/custom
INFO [similarity_search::repo_indexing::repo_indexer] [2024-03-12:19:09:59 TabNine INFO] Waiting for vdb to start before repo indexing can start for /Users/henryacosta/.config/nvim/lua/custom
INFO [similarity_search::repo_indexing::repo_indexer] [2024-03-12:19:09:59 TabNine INFO] Repo indexing started for /Users/henryacosta/.config/nvim/lua/custom
INFO [similarity_search::repo_indexing::indexing_status] [2024-03-12:19:09:59 TabNine INFO] indexing status tracker started listening - expecting [(SparseIndexer, 13), (ListFiles, 13)] jobs
INFO [similarity_search::repo_indexing::indexing_status] [2024-03-12:19:09:59 TabNine INFO] done receiving jobs for job id 'ListFiles', got 13/13 in 5.254ms.
INFO [similarity_search::repo_indexing::indexing_status] [2024-03-12:19:09:59 TabNine INFO] done receiving jobs for job id 'SparseIndexer', got 13/13 in 5.3065ms.
INFO [similarity_search::repo_indexing::indexing_status] [2024-03-12:19:09:59 TabNine INFO] done receiving jobs, shutting down indexing status tracker
INFO [frontend::pro_advanced_completions_capabilities_listener] [2024-03-12:19:10:00 TabNine INFO] pro advanced completions capabilities subscriber detected new pro user. Congratulations! :)
INFO [cloud2_utils::snippet_suggestions_host] [2024-03-12:19:10:00 TabNine INFO] enrichment config - returning default config
ERROR [in_app_messaging::internal] [2024-03-12:19:10:04 TabNine ERROR] Error while fetching messages. reqwest::Error { kind: Decode, source: Error("EOF while parsing a value", line: 1, column: 0) }
INFO [cloud2_utils::snippet_suggestions_host] [2024-03-12:19:10:05 TabNine INFO] enrichment config - returning default config
INFO [cloud2_utils::snippet_suggestions_host] [2024-03-12:19:10:06 TabNine INFO] enrichment config - returning default config
INFO [io_server::dispatch::shutdown] [2024-03-12:19:10:07 TabNine INFO] Sending finished message from Input
INFO [io_server::dispatch::shutdown] [2024-03-12:19:10:07 TabNine INFO] Sending finished message from ChannelWorker("default")
INFO [io_server::dispatch::shutdown] [2024-03-12:19:10:07 TabNine INFO] Sending finished message from Output
INFO [TabNine] [2024-03-12:19:10:07 TabNine INFO] exiting....
INFO [TabNine::bootstrap_support] [2024-03-12:19:10:08 TabNine INFO] child process 22881 exited with status exit status: 0...
INFO [process_setup] [2024-03-12:19:10:11 TabNine INFO] 
============ Tabnine process /Users/henryacosta/.local/share/nvim/lazy/tabnine-nvim/lua/tabnine/../../binaries/4.116.0/aarch64-apple-darwin/TabNine (22915) started ============
INFO [TabNine::main_utils] [2024-03-12:19:10:11 TabNine INFO] /Users/henryacosta/.local/share/nvim/lazy/tabnine-nvim/lua/tabnine/../../binaries/4.116.0/aarch64-apple-darwin/TabNine --client nvim --client-metadata ide-restart-counter=1 pluginVersion=1.7.0 --log-file-path=./log/
INFO [watchdog_api::wd_client] [2024-03-12:19:10:11 TabNine INFO] Initializing watchdog client...
INFO [TabNine::bootstrap_support] [2024-03-12:19:10:11 TabNine INFO] trying to start tabnine version Some("4.116.0")
INFO [TabNine::bootstrap_support] [2024-03-12:19:10:11 TabNine INFO] spawning tabnine with args ["/Users/henryacosta/.local/share/nvim/lazy/tabnine-nvim/lua/tabnine/../../binaries/4.116.0/aarch64-apple-darwin/TabNine", "--client", "nvim", "--client-metadata", "ide-restart-counter=1", "pluginVersion=1.7.0", "--log-file-path=./log/", "--no_bootstrap"]
INFO [TabNine::bootstrap_support] [2024-03-12:19:10:11 TabNine INFO] started tabnine process pid 22919 version Some("4.116.0"), desired version was Some("4.116.0") this version is Some("4.116.0")
INFO [process_setup] [2024-03-12:19:10:11 TabNine INFO] 
============ Tabnine process /Users/henryacosta/.local/share/nvim/lazy/tabnine-nvim/lua/tabnine/../../binaries/4.116.0/aarch64-apple-darwin/TabNine (22919) started ============
INFO [TabNine::main_utils] [2024-03-12:19:10:11 TabNine INFO] /Users/henryacosta/.local/share/nvim/lazy/tabnine-nvim/lua/tabnine/../../binaries/4.116.0/aarch64-apple-darwin/TabNine --client nvim --client-metadata ide-restart-counter=1 pluginVersion=1.7.0 --log-file-path=./log/ --no_bootstrap
INFO [watchdog_api::wd_client] [2024-03-12:19:10:11 TabNine INFO] Initializing watchdog client...
INFO [models_api_singleton] [2024-03-12:19:10:11 TabNine INFO] Creating models api singleton...
INFO [models_api_singleton] [2024-03-12:19:10:11 TabNine INFO] Updating models API access token...
INFO [lunar_connection] [2024-03-12:19:10:11 TabNine INFO] lunar settings update thread started (Local(Public) ce94127b)
INFO [lunar_connection] [2024-03-12:19:10:11 TabNine INFO] lunar settings update thread started (Local(Public) ce94127b)
INFO [lunar_connection] [2024-03-12:19:10:11 TabNine INFO] lunar settings update thread started (Remote cloud)
ERROR [auth::capabilities] [2024-03-12:19:10:11 TabNine ERROR] Failed to load capabilities cache Bad signature
INFO [auth::capabilities] [2024-03-12:19:10:11 TabNine INFO] User changed. Refreshing capabilities
INFO [auth::capabilities] [2024-03-12:19:10:11 TabNine INFO] Refreshing capabilities
INFO [frontend::initialize] [2024-03-12:19:10:11 TabNine INFO] Started.
WARN [lunar_connection::cloud_availability] [2024-03-12:19:10:11 TabNine WARN] Cannot connect to cloud: pinging to: host=cloud.tabnine.com, port=443
Failed to connect to cloud ()

INFO [actix_server::builder] [2024-03-12:19:10:11 TabNine INFO] starting 12 workers
INFO [ui::http_server] [2024-03-12:19:10:11 TabNine INFO] Hub HTTP server started on http://127.0.0.1:53415/sec-ftbkwubpxrgpvtnwcehw
INFO [actix_server::server] [2024-03-12:19:10:11 TabNine INFO] Tokio runtime found; starting in existing Tokio runtime
INFO [frontend::initialize] [2024-03-12:19:10:11 TabNine INFO] Hub site is: http://127.0.0.1:53415/sec-ftbkwubpxrgpvtnwcehw
INFO [cloud2_utils::snippet_suggestions_host] [2024-03-12:19:10:11 TabNine INFO] enrichment config - returning default config
INFO [models_api_singleton] [2024-03-12:19:10:11 TabNine INFO] Updated models API access token of user: Some("Henry Acosta")
INFO [bootstrapper::bootstrapper_lib] [2024-03-12:19:10:11 TabNine INFO] current version is Some(Version { major: 4, minor: 116, patch: 0, pre: [], build: [] }), spawned version is Some(Version { major: 4, minor: 116, patch: 0, pre: [], build: [] }), remote version is Version { major: 4, minor: 116, patch: 0, pre: [], build: [] }
INFO [bootstrapper::bootstrapper_lib] [2024-03-12:19:10:11 TabNine INFO] don't need to upgrade
INFO [cloud2_utils::snippet_suggestions_host] [2024-03-12:19:10:12 TabNine INFO] enrichment config - returning default config
INFO [cloud2_utils::snippet_suggestions_host] [2024-03-12:19:10:12 TabNine INFO] enrichment config - returning default config
INFO [server::indexing::repo_indexer] [2024-03-12:19:10:12 TabNine INFO] Recreating repo indexer, dense false => false, sparse false => true
INFO [server::indexing::workspace] [2024-03-12:19:10:12 TabNine INFO] repo indexing started for /Users/henryacosta/.config/nvim/lua/custom
INFO [similarity_search::repo_indexing::repo_indexer] [2024-03-12:19:10:12 TabNine INFO] Waiting for vdb to start before repo indexing can start for /Users/henryacosta/.config/nvim/lua/custom
INFO [similarity_search::repo_indexing::repo_indexer] [2024-03-12:19:10:12 TabNine INFO] Repo indexing started for /Users/henryacosta/.config/nvim/lua/custom
INFO [similarity_search::repo_indexing::indexing_status] [2024-03-12:19:10:12 TabNine INFO] indexing status tracker started listening - expecting [(SparseIndexer, 13), (ListFiles, 13)] jobs
INFO [similarity_search::repo_indexing::indexing_status] [2024-03-12:19:10:12 TabNine INFO] done receiving jobs for job id 'ListFiles', got 13/13 in 2.676792ms.
INFO [similarity_search::repo_indexing::indexing_status] [2024-03-12:19:10:12 TabNine INFO] done receiving jobs for job id 'SparseIndexer', got 13/13 in 3.0075ms.
INFO [similarity_search::repo_indexing::indexing_status] [2024-03-12:19:10:12 TabNine INFO] done receiving jobs, shutting down indexing status tracker
INFO [cloud2_utils::snippet_suggestions_host] [2024-03-12:19:10:12 TabNine INFO] enrichment config - returning default config
INFO [frontend::pro_advanced_completions_capabilities_listener] [2024-03-12:19:10:12 TabNine INFO] pro advanced completions capabilities subscriber detected new pro user. Congratulations! :)
ERROR [in_app_messaging::internal] [2024-03-12:19:10:16 TabNine ERROR] Error while fetching messages. reqwest::Error { kind: Decode, source: Error("EOF while parsing a value", line: 1, column: 0) }
INFO [cloud2_utils::snippet_suggestions_host] [2024-03-12:19:10:16 TabNine INFO] enrichment config - returning default config
INFO [cloud2_utils::snippet_suggestions_host] [2024-03-12:19:10:18 TabNine INFO] enrichment config - returning default config
INFO [cloud2_utils::snippet_suggestions_host] [2024-03-12:19:10:18 TabNine INFO] enrichment config - returning default config
INFO [cloud2_utils::snippet_suggestions_host] [2024-03-12:19:10:19 TabNine INFO] enrichment config - returning default config
INFO [cloud2_utils::snippet_suggestions_host] [2024-03-12:19:10:22 TabNine INFO] enrichment config - returning default config
INFO [cloud2_utils::snippet_suggestions_host] [2024-03-12:19:10:32 TabNine INFO] enrichment config - returning default config
INFO [cloud2_utils::snippet_suggestions_host] [2024-03-12:19:10:36 TabNine INFO] enrichment config - returning default config
INFO [cloud2_utils::snippet_suggestions_host] [2024-03-12:19:10:37 TabNine INFO] enrichment config - returning default config
INFO [cloud2_utils::snippet_suggestions_host] [2024-03-12:19:10:39 TabNine INFO] enrichment config - returning default config
INFO [io_server::dispatch::shutdown] [2024-03-12:19:10:40 TabNine INFO] Sending finished message from Input
INFO [io_server::dispatch::shutdown] [2024-03-12:19:10:40 TabNine INFO] Sending finished message from ChannelWorker("default")
INFO [io_server::dispatch::shutdown] [2024-03-12:19:10:40 TabNine INFO] Sending finished message from Output
INFO [TabNine] [2024-03-12:19:10:40 TabNine INFO] exiting....
INFO [TabNine::bootstrap_support] [2024-03-12:19:10:40 TabNine INFO] child process 22919 exited with status exit status: 0...
INFO [process_setup] [2024-03-12:19:11:05 TabNine INFO] 
============ Tabnine process /Users/henryacosta/.local/share/nvim/lazy/tabnine-nvim/lua/tabnine/../../binaries/4.116.0/aarch64-apple-darwin/TabNine (25414) started ============
INFO [TabNine::main_utils] [2024-03-12:19:11:05 TabNine INFO] /Users/henryacosta/.local/share/nvim/lazy/tabnine-nvim/lua/tabnine/../../binaries/4.116.0/aarch64-apple-darwin/TabNine --client nvim --client-metadata ide-restart-counter=1 pluginVersion=1.7.0 --log-file-path=./log/
INFO [watchdog_api::wd_client] [2024-03-12:19:11:05 TabNine INFO] Initializing watchdog client...
INFO [TabNine::bootstrap_support] [2024-03-12:19:11:05 TabNine INFO] trying to start tabnine version Some("4.116.0")
INFO [TabNine::bootstrap_support] [2024-03-12:19:11:05 TabNine INFO] spawning tabnine with args ["/Users/henryacosta/.local/share/nvim/lazy/tabnine-nvim/lua/tabnine/../../binaries/4.116.0/aarch64-apple-darwin/TabNine", "--client", "nvim", "--client-metadata", "ide-restart-counter=1", "pluginVersion=1.7.0", "--log-file-path=./log/", "--no_bootstrap"]
INFO [TabNine::bootstrap_support] [2024-03-12:19:11:05 TabNine INFO] started tabnine process pid 25416 version Some("4.116.0"), desired version was Some("4.116.0") this version is Some("4.116.0")
INFO [process_setup] [2024-03-12:19:11:05 TabNine INFO] 
============ Tabnine process /Users/henryacosta/.local/share/nvim/lazy/tabnine-nvim/lua/tabnine/../../binaries/4.116.0/aarch64-apple-darwin/TabNine (25416) started ============
INFO [TabNine::main_utils] [2024-03-12:19:11:05 TabNine INFO] /Users/henryacosta/.local/share/nvim/lazy/tabnine-nvim/lua/tabnine/../../binaries/4.116.0/aarch64-apple-darwin/TabNine --client nvim --client-metadata ide-restart-counter=1 pluginVersion=1.7.0 --log-file-path=./log/ --no_bootstrap
INFO [watchdog_api::wd_client] [2024-03-12:19:11:05 TabNine INFO] Initializing watchdog client...
INFO [models_api_singleton] [2024-03-12:19:11:05 TabNine INFO] Creating models api singleton...
INFO [models_api_singleton] [2024-03-12:19:11:05 TabNine INFO] Updating models API access token...
INFO [lunar_connection] [2024-03-12:19:11:05 TabNine INFO] lunar settings update thread started (Local(Public) ce94127b)
INFO [lunar_connection] [2024-03-12:19:11:05 TabNine INFO] lunar settings update thread started (Remote cloud)
INFO [lunar_connection] [2024-03-12:19:11:05 TabNine INFO] lunar settings update thread started (Local(Public) ce94127b)
ERROR [auth::capabilities] [2024-03-12:19:11:05 TabNine ERROR] Failed to load capabilities cache Bad signature
INFO [auth::capabilities] [2024-03-12:19:11:05 TabNine INFO] User changed. Refreshing capabilities
INFO [auth::capabilities] [2024-03-12:19:11:05 TabNine INFO] Refreshing capabilities
INFO [frontend::initialize] [2024-03-12:19:11:05 TabNine INFO] Started.
WARN [lunar_connection::cloud_availability] [2024-03-12:19:11:06 TabNine WARN] Cannot connect to cloud: pinging to: host=cloud.tabnine.com, port=443
Failed to connect to cloud ()

INFO [actix_server::builder] [2024-03-12:19:11:06 TabNine INFO] starting 12 workers
INFO [ui::http_server] [2024-03-12:19:11:06 TabNine INFO] Hub HTTP server started on http://127.0.0.1:53558/sec-pghjaunbwkvsnapbcnks
INFO [actix_server::server] [2024-03-12:19:11:06 TabNine INFO] Tokio runtime found; starting in existing Tokio runtime
INFO [frontend::initialize] [2024-03-12:19:11:06 TabNine INFO] Hub site is: http://127.0.0.1:53558/sec-pghjaunbwkvsnapbcnks
INFO [cloud2_utils::snippet_suggestions_host] [2024-03-12:19:11:06 TabNine INFO] enrichment config - returning default config
INFO [bootstrapper::bootstrapper_lib] [2024-03-12:19:11:06 TabNine INFO] current version is Some(Version { major: 4, minor: 116, patch: 0, pre: [], build: [] }), spawned version is Some(Version { major: 4, minor: 116, patch: 0, pre: [], build: [] }), remote version is Version { major: 4, minor: 116, patch: 0, pre: [], build: [] }
INFO [bootstrapper::bootstrapper_lib] [2024-03-12:19:11:06 TabNine INFO] don't need to upgrade
INFO [models_api_singleton] [2024-03-12:19:11:06 TabNine INFO] Updated models API access token of user: Some("Henry Acosta")
INFO [frontend::pro_advanced_completions_capabilities_listener] [2024-03-12:19:11:07 TabNine INFO] pro advanced completions capabilities subscriber detected new pro user. Congratulations! :)
ERROR [in_app_messaging::internal] [2024-03-12:19:11:11 TabNine ERROR] Error while fetching messages. reqwest::Error { kind: Decode, source: Error("EOF while parsing a value", line: 1, column: 0) }
INFO [cloud2_utils::snippet_suggestions_host] [2024-03-12:19:12:38 TabNine INFO] enrichment config - returning default config
INFO [cloud2_utils::snippet_suggestions_host] [2024-03-12:19:12:38 TabNine INFO] enrichment config - returning default config
INFO [server::indexing::repo_indexer] [2024-03-12:19:12:38 TabNine INFO] Recreating repo indexer, dense false => true, sparse false => true
INFO [server::indexing::workspace] [2024-03-12:19:12:38 TabNine INFO] repo indexing started for /Users/henryacosta/.config/nvim/lua/custom
INFO [similarity_search::repo_indexing::repo_indexer] [2024-03-12:19:12:38 TabNine INFO] Waiting for vdb to start before repo indexing can start for /Users/henryacosta/.config/nvim/lua/custom
INFO [cloud2_utils::snippet_suggestions_host] [2024-03-12:19:12:38 TabNine INFO] enrichment config - returning default config
INFO [cloud2_utils::snippet_suggestions_host] [2024-03-12:19:12:39 TabNine INFO] enrichment config - returning default config
INFO [cloud2_utils::snippet_suggestions_host] [2024-03-12:19:12:39 TabNine INFO] enrichment config - returning default config
INFO [cloud2_utils::snippet_suggestions_host] [2024-03-12:19:12:39 TabNine INFO] enrichment config - returning default config
INFO [cloud2_utils::snippet_suggestions_host] [2024-03-12:19:12:39 TabNine INFO] enrichment config - returning default config
INFO [cloud2_utils::snippet_suggestions_host] [2024-03-12:19:12:39 TabNine INFO] enrichment config - returning default config
INFO [similarity_search::repo_indexing::repo_indexer] [2024-03-12:19:12:39 TabNine INFO] Repo indexing started for /Users/henryacosta/.config/nvim/lua/custom
INFO [similarity_search::repo_indexing::indexing_status] [2024-03-12:19:12:39 TabNine INFO] indexing status tracker started listening - expecting [(DenseIndexer, 13), (SparseIndexer, 13), (ListFiles, 13)] jobs
INFO [similarity_search::repo_indexing::indexing_status] [2024-03-12:19:12:39 TabNine INFO] done receiving jobs for job id 'ListFiles', got 13/13 in 5.911125ms.
INFO [similarity_search::repo_indexing::indexing_status] [2024-03-12:19:12:39 TabNine INFO] done receiving jobs for job id 'DenseIndexer', got 13/13 in 5.975333ms.
INFO [similarity_search::repo_indexing::indexing_status] [2024-03-12:19:12:39 TabNine INFO] done receiving jobs for job id 'SparseIndexer', got 13/13 in 6.401291ms.
INFO [similarity_search::repo_indexing::indexing_status] [2024-03-12:19:12:39 TabNine INFO] done receiving jobs, shutting down indexing status tracker
ERROR [analytics::send_queue] [2024-03-12:19:12:41 TabNine ERROR] Failed to send analytics event, maximizing send backoff policy: Permanent(Error(Http(reqwest::Error { kind: Request, url: Url { scheme: "https", cannot_be_a_base: false, username: "", password: None, host: Some(Domain("notify.tabnine.com")), port: None, path: "/notify/v1", query: None, fragment: None }, source: TimedOut }), State { next_error: None, backtrace: InternalBacktrace { backtrace: None } }))
INFO [cloud2_utils::snippet_suggestions_host] [2024-03-12:19:12:41 TabNine INFO] enrichment config - returning default config
INFO [io_server::dispatch::shutdown] [2024-03-12:19:12:41 TabNine INFO] Sending finished message from Input
INFO [io_server::dispatch::shutdown] [2024-03-12:19:12:41 TabNine INFO] Sending finished message from ChannelWorker("default")
INFO [io_server::dispatch::shutdown] [2024-03-12:19:12:41 TabNine INFO] Sending finished message from Output
INFO [TabNine] [2024-03-12:19:12:42 TabNine INFO] exiting....
INFO [TabNine::bootstrap_support] [2024-03-12:19:12:42 TabNine INFO] child process 25416 exited with status exit status: 0...
INFO [process_setup] [2024-03-12:19:12:45 TabNine INFO] 
============ Tabnine process /Users/henryacosta/.local/share/nvim/lazy/tabnine-nvim/lua/tabnine/../../binaries/4.116.0/aarch64-apple-darwin/TabNine (25451) started ============
INFO [TabNine::main_utils] [2024-03-12:19:12:45 TabNine INFO] /Users/henryacosta/.local/share/nvim/lazy/tabnine-nvim/lua/tabnine/../../binaries/4.116.0/aarch64-apple-darwin/TabNine --client nvim --client-metadata ide-restart-counter=1 pluginVersion=1.7.0 --log-file-path=./log/
INFO [watchdog_api::wd_client] [2024-03-12:19:12:45 TabNine INFO] Initializing watchdog client...
INFO [TabNine::bootstrap_support] [2024-03-12:19:12:45 TabNine INFO] trying to start tabnine version Some("4.116.0")
INFO [TabNine::bootstrap_support] [2024-03-12:19:12:45 TabNine INFO] spawning tabnine with args ["/Users/henryacosta/.local/share/nvim/lazy/tabnine-nvim/lua/tabnine/../../binaries/4.116.0/aarch64-apple-darwin/TabNine", "--client", "nvim", "--client-metadata", "ide-restart-counter=1", "pluginVersion=1.7.0", "--log-file-path=./log/", "--no_bootstrap"]
INFO [TabNine::bootstrap_support] [2024-03-12:19:12:45 TabNine INFO] started tabnine process pid 25453 version Some("4.116.0"), desired version was Some("4.116.0") this version is Some("4.116.0")
INFO [process_setup] [2024-03-12:19:12:45 TabNine INFO] 
============ Tabnine process /Users/henryacosta/.local/share/nvim/lazy/tabnine-nvim/lua/tabnine/../../binaries/4.116.0/aarch64-apple-darwin/TabNine (25453) started ============
INFO [TabNine::main_utils] [2024-03-12:19:12:45 TabNine INFO] /Users/henryacosta/.local/share/nvim/lazy/tabnine-nvim/lua/tabnine/../../binaries/4.116.0/aarch64-apple-darwin/TabNine --client nvim --client-metadata ide-restart-counter=1 pluginVersion=1.7.0 --log-file-path=./log/ --no_bootstrap
INFO [watchdog_api::wd_client] [2024-03-12:19:12:45 TabNine INFO] Initializing watchdog client...
INFO [models_api_singleton] [2024-03-12:19:12:45 TabNine INFO] Creating models api singleton...
INFO [models_api_singleton] [2024-03-12:19:12:45 TabNine INFO] Updating models API access token...
INFO [lunar_connection] [2024-03-12:19:12:45 TabNine INFO] lunar settings update thread started (Local(Public) ce94127b)
INFO [lunar_connection] [2024-03-12:19:12:45 TabNine INFO] lunar settings update thread started (Local(Public) ce94127b)
INFO [lunar_connection] [2024-03-12:19:12:45 TabNine INFO] lunar settings update thread started (Remote cloud)
INFO [auth::capabilities] [2024-03-12:19:12:45 TabNine INFO] User changed. Refreshing capabilities
INFO [auth::capabilities] [2024-03-12:19:12:45 TabNine INFO] Refreshing capabilities
INFO [frontend::initialize] [2024-03-12:19:12:45 TabNine INFO] Started.
INFO [bootstrapper::bootstrapper_lib] [2024-03-12:19:12:46 TabNine INFO] current version is Some(Version { major: 4, minor: 116, patch: 0, pre: [], build: [] }), spawned version is Some(Version { major: 4, minor: 116, patch: 0, pre: [], build: [] }), remote version is Version { major: 4, minor: 116, patch: 0, pre: [], build: [] }
INFO [bootstrapper::bootstrapper_lib] [2024-03-12:19:12:46 TabNine INFO] don't need to upgrade
INFO [models_api_singleton] [2024-03-12:19:12:46 TabNine INFO] Updated models API access token of user: Some("Henry Acosta")
WARN [lunar_connection::cloud_availability] [2024-03-12:19:12:46 TabNine WARN] Cannot connect to cloud: pinging to: host=cloud.tabnine.com, port=443
Failed to connect to cloud ()

INFO [actix_server::builder] [2024-03-12:19:12:46 TabNine INFO] starting 12 workers
INFO [ui::http_server] [2024-03-12:19:12:46 TabNine INFO] Hub HTTP server started on http://127.0.0.1:53730/sec-lhlekqhsvmphmpvchcrp
INFO [actix_server::server] [2024-03-12:19:12:46 TabNine INFO] Tokio runtime found; starting in existing Tokio runtime
INFO [frontend::initialize] [2024-03-12:19:12:46 TabNine INFO] Hub site is: http://127.0.0.1:53730/sec-lhlekqhsvmphmpvchcrp
INFO [cloud2_utils::snippet_suggestions_host] [2024-03-12:19:12:46 TabNine INFO] enrichment config - returning default config
INFO [cloud2_utils::snippet_suggestions_host] [2024-03-12:19:12:46 TabNine INFO] enrichment config - returning default config
INFO [cloud2_utils::snippet_suggestions_host] [2024-03-12:19:12:46 TabNine INFO] enrichment config - returning default config
INFO [server::indexing::repo_indexer] [2024-03-12:19:12:46 TabNine INFO] Recreating repo indexer, dense false => true, sparse false => true
INFO [server::indexing::workspace] [2024-03-12:19:12:46 TabNine INFO] repo indexing started for /Users/henryacosta/.config/nvim/lua/custom
INFO [similarity_search::repo_indexing::repo_indexer] [2024-03-12:19:12:46 TabNine INFO] Waiting for vdb to start before repo indexing can start for /Users/henryacosta/.config/nvim/lua/custom
INFO [similarity_search::repo_indexing::repo_indexer] [2024-03-12:19:12:46 TabNine INFO] Repo indexing started for /Users/henryacosta/.config/nvim/lua/custom
INFO [similarity_search::repo_indexing::indexing_status] [2024-03-12:19:12:46 TabNine INFO] indexing status tracker started listening - expecting [(DenseIndexer, 13), (SparseIndexer, 13), (ListFiles, 13)] jobs
INFO [similarity_search::repo_indexing::indexing_status] [2024-03-12:19:12:46 TabNine INFO] done receiving jobs for job id 'ListFiles', got 13/13 in 3.746416ms.
INFO [similarity_search::repo_indexing::indexing_status] [2024-03-12:19:12:46 TabNine INFO] done receiving jobs for job id 'SparseIndexer', got 13/13 in 4.09025ms.
INFO [similarity_search::repo_indexing::indexing_status] [2024-03-12:19:12:46 TabNine INFO] done receiving jobs for job id 'DenseIndexer', got 13/13 in 4.267ms.
INFO [similarity_search::repo_indexing::indexing_status] [2024-03-12:19:12:46 TabNine INFO] done receiving jobs, shutting down indexing status tracker
INFO [cloud2_utils::snippet_suggestions_host] [2024-03-12:19:12:48 TabNine INFO] enrichment config - returning default config
ERROR [in_app_messaging::internal] [2024-03-12:19:12:50 TabNine ERROR] Error while fetching messages. reqwest::Error { kind: Decode, source: Error("EOF while parsing a value", line: 1, column: 0) }
INFO [cloud2_utils::snippet_suggestions_host] [2024-03-12:19:12:53 TabNine INFO] enrichment config - returning default config
INFO [io_server::dispatch::shutdown] [2024-03-12:19:12:54 TabNine INFO] Sending finished message from Input
INFO [io_server::dispatch::shutdown] [2024-03-12:19:12:54 TabNine INFO] Sending finished message from ChannelWorker("default")
INFO [io_server::dispatch::shutdown] [2024-03-12:19:12:54 TabNine INFO] Sending finished message from Output
INFO [TabNine] [2024-03-12:19:12:54 TabNine INFO] exiting....
INFO [TabNine::bootstrap_support] [2024-03-12:19:12:54 TabNine INFO] child process 25453 exited with status exit status: 0...
INFO [process_setup] [2024-03-12:20:28:48 TabNine INFO] 
============ Tabnine process /Users/henryacosta/.local/share/nvim/lazy/tabnine-nvim/lua/tabnine/../../binaries/4.116.0/aarch64-apple-darwin/TabNine (44464) started ============
INFO [TabNine::main_utils] [2024-03-12:20:28:48 TabNine INFO] /Users/henryacosta/.local/share/nvim/lazy/tabnine-nvim/lua/tabnine/../../binaries/4.116.0/aarch64-apple-darwin/TabNine --client nvim --client-metadata ide-restart-counter=1 pluginVersion=1.7.0 --log-file-path=./log/
INFO [watchdog_api::wd_client] [2024-03-12:20:28:48 TabNine INFO] Initializing watchdog client...
INFO [TabNine::bootstrap_support] [2024-03-12:20:28:48 TabNine INFO] trying to start tabnine version Some("4.116.0")
INFO [TabNine::bootstrap_support] [2024-03-12:20:28:48 TabNine INFO] spawning tabnine with args ["/Users/henryacosta/.local/share/nvim/lazy/tabnine-nvim/lua/tabnine/../../binaries/4.116.0/aarch64-apple-darwin/TabNine", "--client", "nvim", "--client-metadata", "ide-restart-counter=1", "pluginVersion=1.7.0", "--log-file-path=./log/", "--no_bootstrap"]
INFO [TabNine::bootstrap_support] [2024-03-12:20:28:48 TabNine INFO] started tabnine process pid 44467 version Some("4.116.0"), desired version was Some("4.116.0") this version is Some("4.116.0")
INFO [process_setup] [2024-03-12:20:28:48 TabNine INFO] 
============ Tabnine process /Users/henryacosta/.local/share/nvim/lazy/tabnine-nvim/lua/tabnine/../../binaries/4.116.0/aarch64-apple-darwin/TabNine (44467) started ============
INFO [TabNine::main_utils] [2024-03-12:20:28:48 TabNine INFO] /Users/henryacosta/.local/share/nvim/lazy/tabnine-nvim/lua/tabnine/../../binaries/4.116.0/aarch64-apple-darwin/TabNine --client nvim --client-metadata ide-restart-counter=1 pluginVersion=1.7.0 --log-file-path=./log/ --no_bootstrap
INFO [watchdog_api::wd_client] [2024-03-12:20:28:48 TabNine INFO] Initializing watchdog client...
INFO [models_api_singleton] [2024-03-12:20:28:48 TabNine INFO] Creating models api singleton...
INFO [models_api_singleton] [2024-03-12:20:28:48 TabNine INFO] Updating models API access token...
INFO [lunar_connection] [2024-03-12:20:28:48 TabNine INFO] lunar settings update thread started (Local(Public) ce94127b)
INFO [lunar_connection] [2024-03-12:20:28:48 TabNine INFO] lunar settings update thread started (Local(Public) ce94127b)
INFO [lunar_connection] [2024-03-12:20:28:48 TabNine INFO] lunar settings update thread started (Remote cloud)
ERROR [auth::capabilities] [2024-03-12:20:28:48 TabNine ERROR] Failed to load capabilities cache Bad signature
INFO [auth::capabilities] [2024-03-12:20:28:48 TabNine INFO] User changed. Refreshing capabilities
INFO [auth::capabilities] [2024-03-12:20:28:48 TabNine INFO] Refreshing capabilities
INFO [frontend::initialize] [2024-03-12:20:28:48 TabNine INFO] Started.
INFO [bootstrapper::bootstrapper_lib] [2024-03-12:20:28:49 TabNine INFO] current version is Some(Version { major: 4, minor: 116, patch: 0, pre: [], build: [] }), spawned version is Some(Version { major: 4, minor: 116, patch: 0, pre: [], build: [] }), remote version is Version { major: 4, minor: 116, patch: 0, pre: [], build: [] }
INFO [bootstrapper::bootstrapper_lib] [2024-03-12:20:28:49 TabNine INFO] don't need to upgrade
INFO [bootstrapper::bootstrapper_lib] [2024-03-12:20:28:49 TabNine INFO] server returned different experiment. setting new experiment Experiment { experiment: "default", variation: "GA", extra: {"flags": Object {"teamProfileContent": Object {"value": Object {"ProTeamAdmin": Object {"primary": Object {"visible": Object {"caption": String("Add Members"), "url": String("https://app.tabnine.com/profile/teams")}}, "secondary": String("hidden"), "statusTeamCta": String("hidden"), "statusTeamCtaV2": Object {"off": Object {"visible": Object {"caption": String("Enable Team Learning"), "url": String("https://app.tabnine.com/profile/team-learning")}}, "on": Object {"visible": Object {"caption": String("Add Team Members"), "url": String("https://app.tabnine.com/profile/teams")}}}, "statusTeamText": Object {"caption": String("Team Learning Algorithm"), "off": Object {"caption": String("Disabled")}, "on": Object {"caption": String("Enabled")}}, "teamSectionTitle": Object {"visible": Object {"caption": String("Bigger Team - Better AI")}}, "teamSectionSubtitle": Object {"visible": Object {"caption": String("Add more team members for even more accurate suggestions")}}, "teamSectionCta": Object {"visible": Object {"caption": String("Add Team Members"), "url": String("https://app.tabnine.com/profile/teams")}}, "teamSectionHeaderRemarkText": String("hidden"), "teamSectionHeaderRemarkCta": String("hidden"), "teamAiToggleHoverText": Object {"off": String("hidden"), "on": String("hidden")}, "userStatsTitle": Object {"on": Object {"visible": Object {"caption": String("Bigger Team - Better AI")}}, "off": Object {"visible": Object {"caption": String("Boost your productivity by 30%")}}}, "userStatsSubtitle": Object {"on": Object {"visible": Object {"caption": String("Add more team members for even more accurate suggestions")}}, "off": Object {"visible": Object {"caption": String("Get personalized completions based on YOUR TEAM's code")}}}, "userStatsCta": Object {"on": Object {"visible": Object {"caption": String("Add Members"), "url": String("https://app.tabnine.com/profile/teams")}}, "off": Object {"visible": Object {"caption": String("Enable Team Learning"), "url": String("https://app.tabnine.com/profile/team-learning")}}}, "teamSimulatorCta": Object {"on": Object {"visible": Object {"caption": String("Add Members"), "url": String("https://app.tabnine.com/profile/teams")}}, "off": Object {"visible": Object {"caption": String("Enable Team Learning"), "url": String("https://app.tabnine.com/profile/team-learning")}}}}, "ProTeamMember": Object {"primary": Object {"visible": Object {"caption": String("Add Members"), "url": String("https://app.tabnine.com/profile/teams")}}, "secondary": String("hidden"), "statusTeamCta": String("hidden"), "statusTeamCtaV2": Object {"off": String("hidden"), "on": Object {"visible": Object {"caption": String("Add Team Members"), "url": String("https://app.tabnine.com/profile/teams")}}}, "statusTeamText": Object {"caption": String("Team Learning Algorithm"), "off": Object {"caption": String("Disabled")}, "on": Object {"caption": String("Enabled")}}, "teamSectionTitle": Object {"visible": Object {"caption": String("Bigger Team - Better AI")}}, "teamSectionSubtitle": Object {"visible": Object {"caption": String("Add more team members for even more accurate suggestions")}}, "teamSectionCta": Object {"visible": Object {"caption": String("Add Team Members"), "url": String("https://app.tabnine.com/profile/teams")}}, "teamSectionHeaderRemarkText": String("hidden"), "teamSectionHeaderRemarkCta": String("hidden"), "teamAiToggleHoverText": Object {"off": Object {"visible": Object {"caption": String("Ask your team admin to enable Team Learning")}}, "on": Object {"visible": Object {"caption": String("Only the team admin can disable Team Learning")}}}, "userStatsTitle": Object {"on": Object {"visible": Object {"caption": String("Bigger Team - Better AI")}}, "off": Object {"visible": Object {"caption": String("Boost your productivity by 30%")}}}, "userStatsSubtitle": Object {"on": Object {"visible": Object {"caption": String("Add more team members for even more accurate suggestions")}}, "off": Object {"visible": Object {"caption": String("Get tabnine completion based on your teams code")}}}, "userStatsCta": Object {"on": Object {"visible": Object {"caption": String("Add Members"), "url": String("https://app.tabnine.com/profile/teams")}}, "off": Object {"visible": Object {"caption": String("Enable Team Learning"), "url": String("https://app.tabnine.com/profile/team-learning")}}}, "teamSimulatorCta": Object {"on": Object {"visible": Object {"caption": String("Add Members"), "url": String("https://app.tabnine.com/profile/teams")}}, "off": Object {"visible": Object {"caption": String("Enable Team Learning"), "url": String("https://app.tabnine.com/profile/team-learning")}}}}, "FreeTeamAdmin": Object {"primary": Object {"visible": Object {"caption": String("Upgrade Now"), "url": String("https://www.tabnine.com/pricing/landing")}}, "secondary": Object {"visible": Object {"caption": String("Add Members"), "url": String("https://app.tabnine.com/profile/teams")}}, "statusTeamCta": Object {"visible": Object {"caption": String("Upgrade Team Learning"), "url": String("https://www.tabnine.com/pricing/landing")}}, "statusTeamCtaV2": Object {"off": Object {"visible": Object {"caption": String("Upgrade for Team Learning"), "url": String("https://www.tabnine.com/pricing/landing")}}, "on": String("hidden")}, "statusTeamText": Object {"caption": String("Basic Team Learning"), "off": Object {"caption": String("Not Available")}}, "teamSectionTitle": Object {"visible": Object {"caption": String("Boost Your Team's Productivity")}}, "teamSectionSubtitle": Object {"visible": Object {"caption": String("Upgrade to Tabnine Team and get personalized completions based on your team's code, and advanced code completions based on public code")}}, "teamSectionCta": Object {"visible": Object {"caption": String("Upgrade Now"), "url": String("https://www.tabnine.com/pricing/landing")}}, "teamSectionHeaderRemarkText": String("hidden"), "teamSectionHeaderRemarkCta": String("hidden"), "teamAiToggleHoverText": Object {"off": Object {"visible": Object {"caption": String("Upgrade and Increase Tabnine's accuracy by enabling Team Learning")}}, "on": String("hidden")}, "userStatsTitle": Object {"on": String("hidden"), "off": Object {"visible": Object {"caption": String("Boost your productivity by 30%")}}}, "userStatsSubtitle": Object {"on": String("hidden"), "off": Object {"visible": Object {"caption": String("Get personalized completions based on YOUR TEAM's code")}}}, "userStatsCta": Object {"on": String("hidden"), "off": Object {"visible": Object {"caption": String("Upgrade for Team Learning"), "url": String("https://app.tabnine.com/checkout")}}}, "teamSimulatorCta": Object {"on": String("hidden"), "off": Object {"visible": Object {"caption": String("Upgrade for Team Learning"), "url": String("https://app.tabnine.com/checkout")}}}}, "FreeTeamAdminOldPro": Object {"primary": Object {"visible": Object {"caption": String("Add Members"), "url": String("https://app.tabnine.com/profile/subscription")}}, "secondary": String("hidden"), "statusTeamCta": String("hidden"), "statusTeamCtaV2": Object {"off": Object {"visible": Object {"caption": String("Switch to Team"), "url": String("https://app.tabnine.com/profile/subscription")}}, "on": String("hidden")}, "statusTeamText": Object {"caption": String("Disabled"), "off": Object {"caption": String("Not Available")}}, "teamSectionTitle": Object {"visible": Object {"caption": String("Bigger Team - Better AI")}}, "teamSectionSubtitle": Object {"visible": Object {"caption": String("Add more team members for even more accurate suggestions")}}, "teamSectionCta": Object {"visible": Object {"caption": String("Add Team Members"), "url": String("https://app.tabnine.com/profile/subscription")}}, "teamSectionHeaderRemarkText": String("hidden"), "teamSectionHeaderRemarkCta": String("hidden"), "teamAiToggleHoverText": Object {"off": Object {"visible": Object {"caption": String("To enable Team Learning you need to switch from Pro Individual to Team account")}}, "on": String("hidden")}, "userStatsTitle": Object {"on": String("hidden"), "off": Object {"visible": Object {"caption": String("Boost your productivity by 30%")}}}, "userStatsSubtitle": Object {"on": String("hidden"), "off": Object {"visible": Object {"caption": String("Get personalized completions based on YOUR TEAM's code")}}}, "userStatsCta": Object {"on": String("hidden"), "off": Object {"visible": Object {"caption": String("Enable Team Learning"), "url": String("https://app.tabnine.com/profile/subscription")}}}, "teamSimulatorCta": Object {"on": String("hidden"), "off": Object {"visible": Object {"caption": String("Enable Team Learning"), "url": String("https://app.tabnine.com/profile/subscription")}}}}, "FreeTeamMember": Object {"primary": Object {"visible": Object {"caption": String("Upgrade Now"), "url": String("https://www.tabnine.com/pricing/landing")}}, "secondary": Object {"visible": Object {"caption": String("Add Members"), "url": String("https://app.tabnine.com/profile/teams")}}, "statusTeamCta": Object {"visible": Object {"caption": String("Upgrade Team Learning"), "url": String("https://www.tabnine.com/pricing/landing")}}, "statusTeamCtaV2": Object {"off": Object {"visible": Object {"caption": String("Upgrade for Team Learning"), "url": String("https://www.tabnine.com/pricing/landing")}}, "on": String("hidden")}, "statusTeamText": Object {"caption": String("Basic Team Learning"), "off": Object {"caption": String("Not Available")}}, "teamSectionTitle": Object {"visible": Object {"caption": String("Boost Your Team's Productivity")}}, "teamSectionSubtitle": Object {"visible": Object {"caption": String("Upgrade to Tabnine Team and get personalized completions based on your team's code, and advanced code completions based on public code")}}, "teamSectionCta": Object {"visible": Object {"caption": String("Upgrade Now"), "url": String("https://www.tabnine.com/pricing/landing")}}, "teamSectionHeaderRemarkText": String("hidden"), "teamSectionHeaderRemarkCta": String("hidden"), "teamAiToggleHoverText": Object {"off": Object {"visible": Object {"caption": String("Upgrade and Increase Tabnine's accuracy by enabling Team Learning")}}, "on": String("hidden")}, "userStatsTitle": Object {"on": String("hidden"), "off": Object {"visible": Object {"caption": String("Boost your productivity by 30%")}}}, "userStatsSubtitle": Object {"on": String("hidden"), "off": Object {"visible": Object {"caption": String("Get personalized completions based on YOUR TEAM's code")}}}, "userStatsCta": Object {"on": String("hidden"), "off": Object {"visible": Object {"caption": String("Upgrade for Team Learning"), "url": String("https://www.tabnine.com/pricing/landing")}}}, "teamSimulatorCta": Object {"on": String("hidden"), "off": Object {"visible": Object {"caption": String("Upgrade for Team Learning"), "url": String("https://www.tabnine.com/pricing/landing")}}}}, "NewPro": Object {"primary": Object {"visible": Object {"caption": String("Build Your Team!"), "url": String("https://app.tabnine.com/profile/teams")}}, "secondary": Object {"visible": Object {"caption": String("Add Members"), "url": String("https://app.tabnine.com/profile/teams")}}, "statusTeamCta": String("hidden"), "statusTeamCtaV2": Object {"off": Object {"visible": Object {"caption": String("Enable Team Learning"), "url": String("https://app.tabnine.com/profile/team-learning")}}, "on": Object {"visible": Object {"caption": String("Add Team Members"), "url": String("https://app.tabnine.com/profile/teams")}}}, "statusTeamText": Object {"caption": String("Team Learning Algorithm"), "off": Object {"caption": String("Disabled")}, "on": Object {"caption": String("Enabled")}}, "teamSectionTitle": Object {"visible": Object {"caption": String("Build Your Team - Boost Your Productivity")}}, "teamSectionSubtitle": Object {"visible": Object {"caption": String("Add team members for even more accurate suggestions")}}, "teamSectionCta": Object {"visible": Object {"caption": String("Add Team Members"), "url": String("https://app.tabnine.com/profile/teams")}}, "teamSectionHeaderRemarkText": String("hidden"), "teamSectionHeaderRemarkCta": String("hidden"), "teamAiToggleHoverText": Object {"off": String("hidden"), "on": String("hidden")}, "userStatsTitle": Object {"on": Object {"visible": Object {"caption": String("Build Your Team - Boost Your Productivity")}}, "off": Object {"visible": Object {"caption": String("Boost your productivity by 30%")}}}, "userStatsSubtitle": Object {"on": Object {"visible": Object {"caption": String("Add team members for even more accurate suggestions")}}, "off": Object {"visible": Object {"caption": String("Get personalized completions based on YOUR TEAM's code")}}}, "userStatsCta": Object {"on": Object {"visible": Object {"caption": String("Build Your Team!"), "url": String("https://app.tabnine.com/profile/teams")}}, "off": Object {"visible": Object {"caption": String("Enable Team Learning"), "url": String("https://app.tabnine.com/profile/team-learning")}}}, "teamSimulatorCta": Object {"on": Object {"visible": Object {"caption": String("Build Your Team!"), "url": String("https://app.tabnine.com/profile/teams")}}, "off": Object {"visible": Object {"caption": String("Enable Team Learning"), "url": String("https://app.tabnine.com/profile/team-learning")}}}}, "ProTeamAdminSingleUser": Object {"primary": Object {"visible": Object {"caption": String("Add Members"), "url": String("https://app.tabnine.com/profile/teams")}}, "secondary": String("hidden"), "statusTeamCta": Object {"visible": Object {"caption": String("Add Team Members"), "url": String("https://app.tabnine.com/profile/teams")}}, "statusTeamCtaV2": Object {"off": Object {"visible": Object {"caption": String("Enable Team Learning"), "url": String("https://app.tabnine.com/profile/team-learning")}}, "on": Object {"visible": Object {"caption": String("Add Team Members"), "url": String("https://app.tabnine.com/profile/teams")}}}, "statusTeamText": Object {"caption": String("Team Learning Algorithm"), "off": Object {"caption": String("Disabled")}, "on": Object {"caption": String("Enabled")}}, "teamSectionTitle": Object {"visible": Object {"caption": String("Bigger Team - Better AI")}}, "teamSectionSubtitle": Object {"visible": Object {"caption": String("Add team members for even more accurate suggestions")}}, "teamSectionCta": Object {"visible": Object {"caption": String("Add Team Members"), "url": String("https://app.tabnine.com/profile/teams")}}, "teamSectionHeaderRemarkText": String("hidden"), "teamSectionHeaderRemarkCta": String("hidden"), "teamAiToggleHoverText": Object {"off": String("hidden"), "on": String("hidden")}, "userStatsTitle": Object {"on": Object {"visible": Object {"caption": String("Bigger Team - Better AI")}}, "off": Object {"visible": Object {"caption": String("Boost your productivity by 30%")}}}, "userStatsSubtitle": Object {"on": Object {"visible": Object {"caption": String("Add more team members for even more accurate suggestions")}}, "off": Object {"visible": Object {"caption": String("Get personalized completions based on YOUR TEAM's code")}}}, "userStatsCta": Object {"on": Object {"visible": Object {"caption": String("Add Members"), "url": String("https://app.tabnine.com/profile/teams")}}, "off": Object {"visible": Object {"caption": String("Enable Team Learning"), "url": String("https://app.tabnine.com/profile/team-learning")}}}, "teamSimulatorCta": Object {"on": Object {"visible": Object {"caption": String("Add Members"), "url": String("https://app.tabnine.com/profile/teams")}}, "off": Object {"visible": Object {"caption": String("Enable Team Learning"), "url": String("https://app.tabnine.com/profile/team-learning")}}}}, "OldPro": Object {"primary": Object {"visible": Object {"caption": String("Start Your Team!"), "url": String("https://app.tabnine.com/profile/teams")}}, "secondary": String("hidden"), "statusTeamCta": String("hidden"), "statusTeamCtaV2": Object {"off": Object {"visible": Object {"caption": String("Switch to Team"), "url": String("https://app.tabnine.com/profile/subscription")}}, "on": String("hidden")}, "statusTeamText": Object {"caption": String("Disabled"), "off": Object {"caption": String("Not Available")}}, "teamSectionTitle": Object {"visible": Object {"caption": String("Build Your Team - Boost Your Productivity")}}, "teamSectionSubtitle": Object {"visible": Object {"caption": String("Invite your teammates to experience the power & accuracy of Tabnine for Teams")}}, "teamSectionCta": Object {"visible": Object {"caption": String("Start Your Team!"), "url": String("https://app.tabnine.com/profile/teams")}}, "teamSectionHeaderRemarkText": String("hidden"), "teamSectionHeaderRemarkCta": String("hidden"), "teamAiToggleHoverText": Object {"off": Object {"visible": Object {"caption": String("To enable Team Learning you need to switch from Pro Individual to Team account")}}, "on": String("hidden")}, "userStatsTitle": Object {"on": Object {"visible": Object {"caption": String("Build Your Team - Boost Your Productivity")}}, "off": Object {"visible": Object {"caption": String("Boost your productivity by 30%")}}}, "userStatsSubtitle": Object {"on": Object {"visible": Object {"caption": String("Add team members for even more accurate suggestions")}}, "off": Object {"visible": Object {"caption": String("Get personalized completions based on YOUR TEAM's code")}}}, "userStatsCta": Object {"on": Object {"visible": Object {"caption": String("Build Your Team!"), "url": String("https://app.tabnine.com/profile/teams")}}, "off": Object {"visible": Object {"caption": String("Enable Team Learning"), "url": String("https://app.tabnine.com/profile/team-learning")}}}, "teamSimulatorCta": Object {"on": Object {"visible": Object {"caption": String("Build Your Team!"), "url": String("https://app.tabnine.com/profile/teams")}}, "off": Object {"visible": Object {"caption": String("Enable Team Learning"), "url": String("https://app.tabnine.com/profile/team-learning")}}}}, "OldNonPayingPro": Object {"primary": String("hidden"), "secondary": String("hidden"), "statusTeamCta": String("hidden"), "statusTeamCtaV2": Object {"off": String("hidden"), "on": String("hidden")}, "statusTeamText": Object {"caption": String("Disabled"), "off": Object {"caption": String("Not Available")}}, "teamSectionTitle": String("hidden"), "teamSectionSubtitle": String("hidden"), "teamSectionCta": String("hidden"), "teamSectionHeaderRemarkText": String("hidden"), "teamSectionHeaderRemarkCta": String("hidden"), "teamAiToggleHoverText": Object {"off": String("hidden"), "on": String("hidden")}, "userStatsTitle": Object {"on": String("hidden"), "off": String("hidden")}, "userStatsSubtitle": Object {"on": String("hidden"), "off": String("hidden")}, "userStatsCta": Object {"on": String("hidden"), "off": String("hidden")}, "teamSimulatorCta": Object {"on": String("hidden"), "off": String("hidden")}}, "FreeSignedIn": Object {"primary": Object {"visible": Object {"caption": String("Upgrade Now"), "url": String("https://www.tabnine.com/pricing/landing")}}, "secondary": String("hidden"), "statusTeamCta": Object {"visible": Object {"caption": String("Upgrade & Start Your Team!"), "url": String("https://www.tabnine.com/pricing/landing")}}, "statusTeamCtaV2": Object {"off": Object {"visible": Object {"caption": String("Upgrade for Team Learning"), "url": String("https://www.tabnine.com/pricing/landing")}}, "on": String("hidden")}, "statusTeamText": Object {"caption": String("Disabled"), "off": Object {"caption": String("Not Available")}}, "teamSectionTitle": Object {"visible": Object {"caption": String("Boost Your Productivity")}}, "teamSectionSubtitle": Object {"visible": Object {"caption": String("Upgrade to Tabnine Team and get personalized completions based on your team's code, and advanced code completions based on public code")}}, "teamSectionCta": Object {"visible": Object {"caption": String("Upgrade Now"), "url": String("https://www.tabnine.com/pricing/landing")}}, "teamSectionHeaderRemarkText": String("hidden"), "teamSectionHeaderRemarkCta": String("hidden"), "teamAiToggleHoverText": Object {"off": Object {"visible": Object {"caption": String("Upgrade and Increase Tabnine's accuracy by enabling Team Learning")}}, "on": String("hidden")}, "userStatsTitle": Object {"on": String("hidden"), "off": Object {"visible": Object {"caption": String("Boost your productivity by 30%")}}}, "userStatsSubtitle": Object {"on": String("hidden"), "off": Object {"visible": Object {"caption": String("Get personalized completions based on YOUR TEAM's code")}}}, "userStatsCta": Object {"on": String("hidden"), "off": Object {"visible": Object {"caption": String("Upgrade for Team Learning"), "url": String("https://www.tabnine.com/pricing/landing")}}}, "teamSimulatorCta": Object {"on": String("hidden"), "off": Object {"visible": Object {"caption": String("Upgrade for Team Learning"), "url": String("https://www.tabnine.com/pricing/landing")}}}}, "Free": Object {"primary": Object {"visible": Object {"caption": String("Upgrade Now"), "url": String("https://www.tabnine.com/pricing/landing")}}, "secondary": String("hidden"), "statusTeamCta": Object {"visible": Object {"caption": String("Upgrade & Start Your Team!"), "url": String("https://www.tabnine.com/pricing/landing")}}, "statusTeamCtaV2": Object {"off": Object {"visible": Object {"caption": String("Upgrade for Team Learning"), "url": String("https://www.tabnine.com/pricing/landing")}}, "on": String("hidden")}, "statusTeamText": Object {"caption": String("Disabled"), "off": Object {"caption": String("Not Available")}}, "teamSectionTitle": Object {"visible": Object {"caption": String("Boost Your Productivity")}}, "teamSectionSubtitle": Object {"visible": Object {"caption": String("Upgrade to Tabnine Team and get personalized completions based on your team's code, and advanced code completions based on public code")}}, "teamSectionCta": Object {"visible": Object {"caption": String("Upgrade Now"), "url": String("https://www.tabnine.com/pricing/landing")}}, "teamSectionHeaderRemarkText": String("hidden"), "teamSectionHeaderRemarkCta": String("hidden"), "teamAiToggleHoverText": Object {"off": Object {"visible": Object {"caption": String("Upgrade and Increase Tabnine's accuracy by enabling Team Learning")}}, "on": String("hidden")}, "userStatsTitle": Object {"on": String("hidden"), "off": Object {"visible": Object {"caption": String("A more powerful AI learning model at your fingertips")}}}, "userStatsSubtitle": Object {"on": String("hidden"), "off": Object {"visible": Object {"caption": String("5x more parameters  Open-source model + your code repositories")}}}, "userStatsCta": Object {"on": String("hidden"), "off": Object {"visible": Object {"caption": String("Upgrade to Pro"), "url": String("https://www.tabnine.com/pricing/landing")}}}, "teamSimulatorCta": Object {"on": String("hidden"), "off": Object {"visible": Object {"caption": String("Upgrade for Team Learning"), "url": String("https://www.tabnine.com/pricing/landing")}}}}}}, "bulkEventFlushIntervalInSeconds": Object {"value": Number(600)}, "shouldAddMetricEventsToEventBulk": Object {"value": Bool(true)}, "shouldAddRepoStatsToAutocompleteFinishedEvent": Object {"value": Bool(true)}, "shouldUseModelsFromUnifiedModelsService": Object {"value": Bool(true)}, "shouldUseNewHubDesign": Object {"value": Bool(false)}, "freeTrialEnabled": Object {"value": Bool(true), "variantName": String("free_trial_enabled")}, "enterpriseForm": Object {"value": Object {"title": String("The only enterprise AI assistant platform self-hosted solution"), "ctaText": String("Schedule a Demo"), "bulletPoints": Array [String("Up 10x ROI in gained productivity"), String("Self-managed solution architecture with local hosting"), String("2-minute technical setup with zero process change")], "ctaLink": String("https://calendly.com/ezekiel-tabnine/15min")}, "variantName": String("enterpriseFormV4")}, "shouldUseRemoteHostedHub": Object {"value": Bool(true)}, "shouldUsePortScanningForHubAccessibilityCheck": Object {"value": Bool(true), "variantName": String("port_scanning_enabled")}, "isBlackFriday": Object {"value": Bool(false), "variantName": String("isBlackFriday")}, "isCyberMonday": Object {"value": Bool(false), "variantName": String("isCyberMonday")}, "disableUnverifiedUsers": Object {"value": Bool(true)}, "disable_vanilla_indexing": Object {"value": Bool(true)}, "cloud_health_check_config": Object {"value": Object {"request_timeout_ms": Number(2000), "interval_seconds": Number(30), "consecutive_failures_threshold": Number(2)}}, "preview_journey_cloud_midline": Object {"value": Bool(true), "variantName": String("preview_journey_cloud_midline")}, "avoid_midline_when_suitable_cache": Object {"value": Bool(true)}, "rlhf_feature_enabled": Object {"value": Bool(false)}}}, experiment_source: API } and killing
INFO [models_api_singleton] [2024-03-12:20:28:49 TabNine INFO] Updated models API access token of user: Some("Henry Acosta")
WARN [bootstrapper::bootstrapper_lib] [2024-03-12:20:28:49 TabNine WARN] restart required
WARN [lunar_connection::cloud_availability] [2024-03-12:20:28:49 TabNine WARN] Cannot connect to cloud: pinging to: host=cloud.tabnine.com, port=443
Failed to connect to cloud ()

INFO [actix_server::builder] [2024-03-12:20:28:49 TabNine INFO] starting 12 workers
INFO [ui::http_server] [2024-03-12:20:28:49 TabNine INFO] Hub HTTP server started on http://127.0.0.1:59549/sec-fgizvokjgppkhjkiohjv
INFO [actix_server::server] [2024-03-12:20:28:49 TabNine INFO] Tokio runtime found; starting in existing Tokio runtime
INFO [frontend::initialize] [2024-03-12:20:28:49 TabNine INFO] Hub site is: http://127.0.0.1:59549/sec-fgizvokjgppkhjkiohjv
INFO [cloud2_utils::snippet_suggestions_host] [2024-03-12:20:28:49 TabNine INFO] enrichment config - returning default config
INFO [lunar_connection::local_lunar_connection] [2024-03-12:20:28:49 TabNine INFO] running command "/Users/henryacosta/.local/share/nvim/lazy/tabnine-nvim/lua/tabnine/../../binaries/4.116.0/aarch64-apple-darwin/TabNine-deep-local" "--settings" "/Users/henryacosta/Library/Preferences/TabNine/local.settingsce94127bSmall" "--settings-version" "1" "--log-file-path" "./log/" "--client" "nvim" "--client-metadata" "ide-restart-counter=1" "pluginVersion=1.7.0"
INFO [process_setup] [2024-03-12:20:28:49 TabNine-deep-local INFO] 
============ Tabnine process /Users/henryacosta/.local/share/nvim/lazy/tabnine-nvim/lua/tabnine/../../binaries/4.116.0/aarch64-apple-darwin/TabNine-deep-local (44489) started ============
INFO [TabNine_deep_local] [2024-03-12:20:28:49 TabNine-deep-local INFO] parsed settings are Some(Settings { cpu_model: CpuModelSettings { rate_limit_interval_seconds: None, rate_limit_amount: None, enable_power_saving_mode: false }, download: DownloadSettings { api_key: Some("eyJhbGciOiJSUzI1NiIsInR5cCI6IkpXVCJ9.eyJhdWQiOiJodHRwczovL2lkZW50aXR5dG9vbGtpdC5nb29nbGVhcGlzLmNvbS9nb29nbGUuaWRlbnRpdHkuaWRlbnRpdHl0b29sa2l0LnYxLklkZW50aXR5VG9vbGtpdCIsImlhdCI6MTcwODU2NTc0MCwiZXhwIjoxNzA4NTY5MzQwLCJpc3MiOiJmaXJlYmFzZS1hZG1pbnNkay02cjM0eUB0YWJuaW5lLWF1dGgtMzQwMDE1LmlhbS5nc2VydmljZWFjY291bnQuY29tIiwic3ViIjoiZmlyZWJhc2UtYWRtaW5zZGstNnIzNHlAdGFibmluZS1hdXRoLTM0MDAxNS5pYW0uZ3NlcnZpY2VhY2NvdW50LmNvbSIsInVpZCI6IklJdVZHUFBSVnVSN2pmMUdwanV5ODlYYVlCVjIifQ.Ig5usxmMG3JejNXlivi7VKjmh5KckrRFfN6g4Toma9nnd5br7wrup4Gj_VohuxARyvRWZRWiFUwgR1vo1aKxxfG37zxIHvDjvaC1spLr3RaXVRcNrW_Ooa3DPz0eeCao_3YNOoxhmjRhuP1AJWlk4bCeQKsum1Tp4PeOgYYZclE9ScY2NzbSlgs4zIAX7UCklYsvyXALfaW8ZgdwTUwVMeXfrmCMPlYkPtjBshrNDOLkWr_w-pC3V5miErVoDQ1iPYESQkl7Y9YBUbiq765mzHlTnW1LtruICPLL6wkM9_Gw1X2Di95zsdbCLIUB4pwEkpsgmIbregiaeF2CNk0tdw"), meta_data_base_url: "https://api.tabnine.com", model: ModelMetadata { model_id: "162640eb4381301da6ff3a6913c806965a2ec6a7d3a6943bec51de1088948c72", upload_time: 2021-05-25T15:38:00+00:00, crc32_over_file_without_headers: "ce94127b", model_size: Small, owned_by_team_id: None, specialized_for_language: None, source_type: None, display_name: None, is_production_ready: true, is_manually_selectable: false } }, tune: TuneSettings { enable_power_saving_mode: false, override_beams: None, override_context_length: None }, run: RunSettings { is_enabled: true, omit_prefix_suggestions: false, line_suggestions: false } })
INFO [TabNine_deep_local] [2024-03-12:20:28:49 TabNine-deep-local INFO] local_lock_path "/Users/henryacosta/Library/Preferences/TabNine/4.116.0/TabNine-deep-local.lockce94127b"
INFO [TabNine_deep_local] [2024-03-12:20:28:49 TabNine-deep-local INFO] using settings Settings { cpu_model: CpuModelSettings { rate_limit_interval_seconds: None, rate_limit_amount: None, enable_power_saving_mode: false }, download: DownloadSettings { api_key: Some("eyJhbGciOiJSUzI1NiIsInR5cCI6IkpXVCJ9.eyJhdWQiOiJodHRwczovL2lkZW50aXR5dG9vbGtpdC5nb29nbGVhcGlzLmNvbS9nb29nbGUuaWRlbnRpdHkuaWRlbnRpdHl0b29sa2l0LnYxLklkZW50aXR5VG9vbGtpdCIsImlhdCI6MTcwODU2NTc0MCwiZXhwIjoxNzA4NTY5MzQwLCJpc3MiOiJmaXJlYmFzZS1hZG1pbnNkay02cjM0eUB0YWJuaW5lLWF1dGgtMzQwMDE1LmlhbS5nc2VydmljZWFjY291bnQuY29tIiwic3ViIjoiZmlyZWJhc2UtYWRtaW5zZGstNnIzNHlAdGFibmluZS1hdXRoLTM0MDAxNS5pYW0uZ3NlcnZpY2VhY2NvdW50LmNvbSIsInVpZCI6IklJdVZHUFBSVnVSN2pmMUdwanV5ODlYYVlCVjIifQ.Ig5usxmMG3JejNXlivi7VKjmh5KckrRFfN6g4Toma9nnd5br7wrup4Gj_VohuxARyvRWZRWiFUwgR1vo1aKxxfG37zxIHvDjvaC1spLr3RaXVRcNrW_Ooa3DPz0eeCao_3YNOoxhmjRhuP1AJWlk4bCeQKsum1Tp4PeOgYYZclE9ScY2NzbSlgs4zIAX7UCklYsvyXALfaW8ZgdwTUwVMeXfrmCMPlYkPtjBshrNDOLkWr_w-pC3V5miErVoDQ1iPYESQkl7Y9YBUbiq765mzHlTnW1LtruICPLL6wkM9_Gw1X2Di95zsdbCLIUB4pwEkpsgmIbregiaeF2CNk0tdw"), meta_data_base_url: "https://api.tabnine.com", model: ModelMetadata { model_id: "162640eb4381301da6ff3a6913c806965a2ec6a7d3a6943bec51de1088948c72", upload_time: 2021-05-25T15:38:00+00:00, crc32_over_file_without_headers: "ce94127b", model_size: Small, owned_by_team_id: None, specialized_for_language: None, source_type: None, display_name: None, is_production_ready: true, is_manually_selectable: false } }, tune: TuneSettings { enable_power_saving_mode: false, override_beams: None, override_context_length: None }, run: RunSettings { is_enabled: true, omit_prefix_suggestions: false, line_suggestions: false } }
INFO [watchdog_api::wd_client] [2024-03-12:20:28:49 TabNine-deep-local INFO] Initializing watchdog client...
INFO [lunar_endpoints::local::server] [2024-03-12:20:28:49 TabNine-deep-local INFO] Got new local client connection 127.0.0.1:59550
INFO [lunar_local::bridge] [2024-03-12:20:28:49 TabNine-deep-local INFO] TabNine Local communication thread started.
INFO [lunar_local::bridge] [2024-03-12:20:28:49 TabNine-deep-local INFO] Loading model...
ERROR [model_file_protocol::read] [2024-03-12:20:28:49 TabNine-deep-local ERROR] Failed to read header: Magic version mismatch
INFO [cpu_model::model_format] [2024-03-12:20:28:49 TabNine-deep-local INFO] No language mapping provided - falling back to default
INFO [lunar_connection] [2024-03-12:20:28:49 TabNine INFO] Successfully updated Local(Public) ce94127b lunar settings
INFO [frontend::pro_advanced_completions_capabilities_listener] [2024-03-12:20:28:50 TabNine INFO] pro advanced completions capabilities subscriber detected new pro user. Congratulations! :)
INFO [lunar_connection] [2024-03-12:20:28:50 TabNine INFO] Successfully updated Local(Public) ce94127b lunar settings
INFO [cloud2_utils::snippet_suggestions_host] [2024-03-12:20:28:50 TabNine INFO] enrichment config - returning default config
INFO [cloud2_utils::snippet_suggestions_host] [2024-03-12:20:28:50 TabNine INFO] enrichment config - returning default config
INFO [server::indexing::repo_indexer] [2024-03-12:20:28:50 TabNine INFO] Recreating repo indexer, dense false => true, sparse false => true
INFO [server::indexing::workspace] [2024-03-12:20:28:50 TabNine INFO] repo indexing started for /Users/henryacosta/.config/nvim/lua/custom
INFO [similarity_search::repo_indexing::repo_indexer] [2024-03-12:20:28:50 TabNine INFO] Waiting for vdb to start before repo indexing can start for /Users/henryacosta/.config/nvim/lua/custom
INFO [lunar_connection] [2024-03-12:20:28:50 TabNine INFO] Successfully updated Local(Public) ce94127b lunar settings
INFO [lunar_endpoints::local::server] [2024-03-12:20:28:50 TabNine-deep-local INFO] Got new local client connection 127.0.0.1:59555
INFO [similarity_search::repo_indexing::repo_indexer] [2024-03-12:20:28:50 TabNine INFO] Repo indexing started for /Users/henryacosta/.config/nvim/lua/custom
INFO [similarity_search::repo_indexing::indexing_status] [2024-03-12:20:28:50 TabNine INFO] indexing status tracker started listening - expecting [(DenseIndexer, 13), (SparseIndexer, 13), (ListFiles, 13)] jobs
INFO [similarity_search::repo_indexing::indexing_status] [2024-03-12:20:28:50 TabNine INFO] done receiving jobs for job id 'DenseIndexer', got 13/13 in 4.806959ms.
INFO [similarity_search::repo_indexing::indexing_status] [2024-03-12:20:28:50 TabNine INFO] done receiving jobs for job id 'ListFiles', got 13/13 in 4.838834ms.
INFO [similarity_search::repo_indexing::indexing_status] [2024-03-12:20:28:50 TabNine INFO] done receiving jobs for job id 'SparseIndexer', got 13/13 in 4.893209ms.
INFO [similarity_search::repo_indexing::indexing_status] [2024-03-12:20:28:50 TabNine INFO] done receiving jobs, shutting down indexing status tracker
INFO [lunar_connection] [2024-03-12:20:28:50 TabNine INFO] Successfully updated Local(Public) ce94127b lunar settings
INFO [lunar_local::bridge] [2024-03-12:20:28:50 TabNine-deep-local INFO] Done loading model (took 0.84 seconds).
INFO [lunar_local::tune] [2024-03-12:20:28:50 TabNine-deep-local INFO] Selected 3 beams.
INFO [lunar_local::tune] [2024-03-12:20:28:50 TabNine-deep-local INFO] Selected context length of 200.
INFO [cloud2_utils::snippet_suggestions_host] [2024-03-12:20:28:51 TabNine INFO] enrichment config - returning default config
INFO [cloud2_utils::snippet_suggestions_host] [2024-03-12:20:28:52 TabNine INFO] enrichment config - returning default config
ERROR [in_app_messaging::internal] [2024-03-12:20:28:54 TabNine ERROR] Error while fetching messages. reqwest::Error { kind: Decode, source: Error("EOF while parsing a value", line: 1, column: 0) }
INFO [cloud2_utils::snippet_suggestions_host] [2024-03-12:20:28:56 TabNine INFO] enrichment config - returning default config
INFO [cloud2_utils::snippet_suggestions_host] [2024-03-12:20:28:58 TabNine INFO] enrichment config - returning default config
INFO [lunar_connection::local_lunar_connection] [2024-03-12:20:29:03 TabNine INFO] TabNine-deep-local exited with status exit status: 0
INFO [process_setup] [2024-03-12:20:29:04 TabNine-deep-cloud INFO] 
============ Tabnine process /Users/henryacosta/.local/share/nvim/lazy/tabnine-nvim/lua/tabnine/../../binaries/4.116.0/aarch64-apple-darwin/TabNine-deep-cloud (44547) started ============
INFO [watchdog_api::wd_client] [2024-03-12:20:29:04 TabNine-deep-cloud INFO] Initializing watchdog client...
INFO [lunar_transport::controller] [2024-03-12:20:29:04 TabNine-deep-cloud INFO] Creating lunar client...
INFO [auth::capabilities] [2024-03-12:20:29:04 TabNine-deep-cloud INFO] User changed. Refreshing capabilities
INFO [auth::capabilities] [2024-03-12:20:29:04 TabNine-deep-cloud INFO] Refreshing capabilities
INFO [lunar_endpoints::cloud::handlers::is_enabled] [2024-03-12:20:29:04 TabNine-deep-cloud INFO] cloud_v2_enabled is true
INFO [lunar_endpoints::cloud::handlers::is_enabled] [2024-03-12:20:29:04 TabNine-deep-cloud INFO] res is IsEnabledResponse { enabled: true, message: None }
ERROR [lunar_transport::controller] [2024-03-12:20:29:04 TabNine-deep-cloud ERROR] Error establishing SSL connection: tls handshake eof
ERROR [lunar_transport::controller] [2024-03-12:20:29:04 TabNine-deep-cloud ERROR] Error connecting to cloud ()
INFO [cloud2_utils::snippet_suggestions_host] [2024-03-12:20:29:05 TabNine INFO] enrichment config - returning default config
ERROR [server] [2024-03-12:20:29:05 TabNine ERROR] autocomplete timed out
INFO [lunar_endpoints::cloud::handlers::is_enabled] [2024-03-12:20:29:05 TabNine-deep-cloud INFO] cloud_v2_enabled is true
INFO [lunar_endpoints::cloud::handlers::is_enabled] [2024-03-12:20:29:05 TabNine-deep-cloud INFO] res is IsEnabledResponse { enabled: true, message: None }
INFO [cloud2_utils::snippet_suggestions_host] [2024-03-12:20:29:05 TabNine INFO] enrichment config - returning default config
INFO [lunar_endpoints::cloud::handlers::is_enabled] [2024-03-12:20:29:05 TabNine-deep-cloud INFO] cloud_v2_enabled is true
INFO [lunar_endpoints::cloud::handlers::is_enabled] [2024-03-12:20:29:05 TabNine-deep-cloud INFO] res is IsEnabledResponse { enabled: true, message: None }
INFO [cloud2_utils::snippet_suggestions_host] [2024-03-12:20:29:05 TabNine INFO] enrichment config - returning default config
INFO [lunar_endpoints::cloud::handlers::is_enabled] [2024-03-12:20:29:05 TabNine-deep-cloud INFO] cloud_v2_enabled is true
INFO [lunar_endpoints::cloud::handlers::is_enabled] [2024-03-12:20:29:05 TabNine-deep-cloud INFO] res is IsEnabledResponse { enabled: true, message: None }
INFO [cloud2_utils::snippet_suggestions_host] [2024-03-12:20:29:05 TabNine INFO] enrichment config - returning default config
ERROR [lunar_transport::controller] [2024-03-12:20:29:05 TabNine-deep-cloud ERROR] Error establishing SSL connection: tls handshake eof
ERROR [lunar_transport::controller] [2024-03-12:20:29:05 TabNine-deep-cloud ERROR] Error connecting to cloud ()
INFO [lunar_endpoints::cloud::handlers::is_enabled] [2024-03-12:20:29:06 TabNine-deep-cloud INFO] cloud_v2_enabled is true
INFO [lunar_endpoints::cloud::handlers::is_enabled] [2024-03-12:20:29:06 TabNine-deep-cloud INFO] res is IsEnabledResponse { enabled: true, message: None }
INFO [cloud2_utils::snippet_suggestions_host] [2024-03-12:20:29:06 TabNine INFO] enrichment config - returning default config
INFO [lunar_endpoints::cloud::handlers::is_enabled] [2024-03-12:20:29:07 TabNine-deep-cloud INFO] cloud_v2_enabled is true
INFO [lunar_endpoints::cloud::handlers::is_enabled] [2024-03-12:20:29:07 TabNine-deep-cloud INFO] res is IsEnabledResponse { enabled: true, message: None }
INFO [cloud2_utils::snippet_suggestions_host] [2024-03-12:20:29:07 TabNine INFO] enrichment config - returning default config
INFO [lunar_endpoints::cloud::handlers::is_enabled] [2024-03-12:20:29:07 TabNine-deep-cloud INFO] cloud_v2_enabled is true
INFO [lunar_endpoints::cloud::handlers::is_enabled] [2024-03-12:20:29:07 TabNine-deep-cloud INFO] res is IsEnabledResponse { enabled: true, message: None }
INFO [cloud2_utils::snippet_suggestions_host] [2024-03-12:20:29:07 TabNine INFO] enrichment config - returning default config
INFO [lunar_endpoints::cloud::handlers::is_enabled] [2024-03-12:20:29:08 TabNine-deep-cloud INFO] cloud_v2_enabled is true
INFO [lunar_endpoints::cloud::handlers::is_enabled] [2024-03-12:20:29:08 TabNine-deep-cloud INFO] res is IsEnabledResponse { enabled: true, message: None }
INFO [cloud2_utils::snippet_suggestions_host] [2024-03-12:20:29:08 TabNine INFO] enrichment config - returning default config
INFO [lunar_endpoints::cloud::handlers::is_enabled] [2024-03-12:20:29:08 TabNine-deep-cloud INFO] cloud_v2_enabled is true
INFO [lunar_endpoints::cloud::handlers::is_enabled] [2024-03-12:20:29:08 TabNine-deep-cloud INFO] res is IsEnabledResponse { enabled: true, message: None }
INFO [cloud2_utils::snippet_suggestions_host] [2024-03-12:20:29:08 TabNine INFO] enrichment config - returning default config
INFO [lunar_endpoints::cloud::handlers::is_enabled] [2024-03-12:20:29:08 TabNine-deep-cloud INFO] cloud_v2_enabled is true
INFO [lunar_endpoints::cloud::handlers::is_enabled] [2024-03-12:20:29:08 TabNine-deep-cloud INFO] res is IsEnabledResponse { enabled: true, message: None }
INFO [cloud2_utils::snippet_suggestions_host] [2024-03-12:20:29:08 TabNine INFO] enrichment config - returning default config
ERROR [lunar_transport::controller] [2024-03-12:20:29:08 TabNine-deep-cloud ERROR] Error establishing SSL connection: tls handshake eof
ERROR [lunar_transport::controller] [2024-03-12:20:29:08 TabNine-deep-cloud ERROR] Error connecting to cloud ()
INFO [lunar_endpoints::cloud::handlers::is_enabled] [2024-03-12:20:29:09 TabNine-deep-cloud INFO] cloud_v2_enabled is true
INFO [lunar_endpoints::cloud::handlers::is_enabled] [2024-03-12:20:29:09 TabNine-deep-cloud INFO] res is IsEnabledResponse { enabled: true, message: None }
INFO [cloud2_utils::snippet_suggestions_host] [2024-03-12:20:29:09 TabNine INFO] enrichment config - returning default config
INFO [lunar_endpoints::cloud::handlers::is_enabled] [2024-03-12:20:29:09 TabNine-deep-cloud INFO] cloud_v2_enabled is true
INFO [lunar_endpoints::cloud::handlers::is_enabled] [2024-03-12:20:29:09 TabNine-deep-cloud INFO] res is IsEnabledResponse { enabled: true, message: None }
INFO [cloud2_utils::snippet_suggestions_host] [2024-03-12:20:29:09 TabNine INFO] enrichment config - returning default config
INFO [lunar_endpoints::cloud::handlers::is_enabled] [2024-03-12:20:29:10 TabNine-deep-cloud INFO] cloud_v2_enabled is true
INFO [lunar_endpoints::cloud::handlers::is_enabled] [2024-03-12:20:29:10 TabNine-deep-cloud INFO] res is IsEnabledResponse { enabled: true, message: None }
INFO [cloud2_utils::snippet_suggestions_host] [2024-03-12:20:29:10 TabNine INFO] enrichment config - returning default config
INFO [lunar_endpoints::cloud::handlers::is_enabled] [2024-03-12:20:29:10 TabNine-deep-cloud INFO] cloud_v2_enabled is true
INFO [lunar_endpoints::cloud::handlers::is_enabled] [2024-03-12:20:29:10 TabNine-deep-cloud INFO] res is IsEnabledResponse { enabled: true, message: None }
INFO [cloud2_utils::snippet_suggestions_host] [2024-03-12:20:29:10 TabNine INFO] enrichment config - returning default config
INFO [lunar_endpoints::cloud::handlers::is_enabled] [2024-03-12:20:29:10 TabNine-deep-cloud INFO] cloud_v2_enabled is true
INFO [lunar_endpoints::cloud::handlers::is_enabled] [2024-03-12:20:29:10 TabNine-deep-cloud INFO] res is IsEnabledResponse { enabled: true, message: None }
INFO [cloud2_utils::snippet_suggestions_host] [2024-03-12:20:29:10 TabNine INFO] enrichment config - returning default config
INFO [lunar_endpoints::cloud::handlers::is_enabled] [2024-03-12:20:29:10 TabNine-deep-cloud INFO] cloud_v2_enabled is true
INFO [lunar_endpoints::cloud::handlers::is_enabled] [2024-03-12:20:29:10 TabNine-deep-cloud INFO] res is IsEnabledResponse { enabled: true, message: None }
INFO [cloud2_utils::snippet_suggestions_host] [2024-03-12:20:29:10 TabNine INFO] enrichment config - returning default config
INFO [lunar_endpoints::cloud::handlers::is_enabled] [2024-03-12:20:29:12 TabNine-deep-cloud INFO] cloud_v2_enabled is true
INFO [lunar_endpoints::cloud::handlers::is_enabled] [2024-03-12:20:29:12 TabNine-deep-cloud INFO] res is IsEnabledResponse { enabled: true, message: None }
INFO [cloud2_utils::snippet_suggestions_host] [2024-03-12:20:29:12 TabNine INFO] enrichment config - returning default config
INFO [cloud2_utils::snippet_suggestions_host] [2024-03-12:20:29:14 TabNine INFO] enrichment config - returning default config
INFO [cloud2_utils::snippet_suggestions_host] [2024-03-12:20:29:14 TabNine INFO] enrichment config - returning default config
INFO [io_server::dispatch::shutdown] [2024-03-12:20:29:15 TabNine INFO] Sending finished message from Input
INFO [io_server::dispatch::shutdown] [2024-03-12:20:29:15 TabNine INFO] Sending finished message from ChannelWorker("default")
INFO [io_server::dispatch::shutdown] [2024-03-12:20:29:15 TabNine INFO] Sending finished message from Output
INFO [TabNine] [2024-03-12:20:29:15 TabNine INFO] exiting....
INFO [TabNine::bootstrap_support] [2024-03-12:20:29:15 TabNine INFO] child process 44467 exited with status exit status: 0...
